2023-10-17T13:17:49+00:00 ERROR Invalid URL: URL must be publicly accessible. Consider using a tool like the Stripe CLI to test webhooks locally: https://github.com/stripe/stripe-cli
----
2023-10-17T13:17:49+00:00 ERROR Error creating Stripe webhook. Mode: test. Reason: Invalid URL: URL must be publicly accessible. Consider using a tool like the Stripe CLI to test webhooks locally: https://github.com/stripe/stripe-cli
----
2023-10-17T13:17:50+00:00 ERROR Invalid URL: URL must be publicly accessible. Consider using a tool like the Stripe CLI to test webhooks locally: https://github.com/stripe/stripe-cli
----
2023-10-17T13:17:50+00:00 ERROR Error creating Stripe webhook. Mode: live. Reason: Invalid URL: URL must be publicly accessible. Consider using a tool like the Stripe CLI to test webhooks locally: https://github.com/stripe/stripe-cli
----
2023-10-17T14:28:06+00:00 ERROR Expired API Key provided: sk_test_*********************************************************************************************usy6li. Platform access may have been revoked.
----
2023-10-17T14:28:07+00:00 ERROR Expired API Key provided: sk_test_*********************************************************************************************usy6li. Platform access may have been revoked.
----
2023-10-17T14:28:07+00:00 ERROR Expired API Key provided: sk_test_*********************************************************************************************usy6li. Platform access may have been revoked.
----
2023-10-17T14:28:08+00:00 ERROR Expired API Key provided: sk_test_*********************************************************************************************usy6li. Platform access may have been revoked.
----
2023-10-17T14:28:08+00:00 ERROR Expired API Key provided: sk_test_*********************************************************************************************usy6li. Platform access may have been revoked.
----
2023-10-17T14:28:09+00:00 ERROR Expired API Key provided: sk_test_*********************************************************************************************usy6li. Platform access may have been revoked.
----
2023-10-17T14:28:09+00:00 ERROR Expired API Key provided: sk_test_*********************************************************************************************usy6li. Platform access may have been revoked.
----
2023-10-17T14:28:14+00:00 ERROR Expired API Key provided: sk_test_*********************************************************************************************usy6li. Platform access may have been revoked.
----
2023-10-17T14:28:14+00:00 ERROR Expired API Key provided: sk_test_*********************************************************************************************usy6li. Platform access may have been revoked.
----
2023-10-17T14:28:14+00:00 ERROR Expired API Key provided: sk_test_*********************************************************************************************usy6li. Platform access may have been revoked.
----
2023-10-17T14:28:15+00:00 ERROR Expired API Key provided: sk_test_*********************************************************************************************usy6li. Platform access may have been revoked.
----
2023-10-17T14:28:15+00:00 ERROR Expired API Key provided: sk_test_*********************************************************************************************usy6li. Platform access may have been revoked.
----
2023-10-17T14:28:16+00:00 ERROR Expired API Key provided: sk_test_*********************************************************************************************usy6li. Platform access may have been revoked.
----
2023-10-17T14:28:16+00:00 ERROR Expired API Key provided: sk_test_*********************************************************************************************usy6li. Platform access may have been revoked.
----
2023-10-17T14:28:16+00:00 ERROR Expired API Key provided: sk_test_*********************************************************************************************usy6li. Platform access may have been revoked.
----
2023-10-17T14:28:16+00:00 ERROR Expired API Key provided: sk_test_*********************************************************************************************usy6li. Platform access may have been revoked.
----
2023-10-17T14:28:17+00:00 ERROR Expired API Key provided: sk_test_*********************************************************************************************usy6li. Platform access may have been revoked.
----
2023-10-17T14:28:18+00:00 ERROR Expired API Key provided: sk_test_*********************************************************************************************usy6li. Platform access may have been revoked.
----
2023-10-17T14:28:18+00:00 ERROR Expired API Key provided: sk_test_*********************************************************************************************usy6li. Platform access may have been revoked.
----
2023-10-17T14:28:18+00:00 ERROR Expired API Key provided: sk_test_*********************************************************************************************usy6li. Platform access may have been revoked.
----
2023-10-17T14:28:18+00:00 ERROR Expired API Key provided: sk_test_*********************************************************************************************usy6li. Platform access may have been revoked.
----
2023-10-17T14:28:22+00:00 ERROR Expired API Key provided: sk_test_*********************************************************************************************usy6li. Platform access may have been revoked.
----
2023-10-17T14:28:22+00:00 ERROR Expired API Key provided: sk_test_*********************************************************************************************usy6li. Platform access may have been revoked.
----
2023-10-17T14:28:22+00:00 ERROR Expired API Key provided: sk_test_*********************************************************************************************usy6li. Platform access may have been revoked.
----
2023-10-17T14:28:23+00:00 ERROR Expired API Key provided: sk_test_*********************************************************************************************usy6li. Platform access may have been revoked.
----
2023-10-17T14:28:24+00:00 ERROR Expired API Key provided: sk_test_*********************************************************************************************usy6li. Platform access may have been revoked.
----
2023-10-17T14:28:24+00:00 ERROR Expired API Key provided: sk_test_*********************************************************************************************usy6li. Platform access may have been revoked.
----
2023-10-17T14:28:24+00:00 ERROR Expired API Key provided: sk_test_*********************************************************************************************usy6li. Platform access may have been revoked.
----
2023-10-17T14:28:25+00:00 ERROR Expired API Key provided: sk_test_*********************************************************************************************usy6li. Platform access may have been revoked.
----
2023-10-17T14:28:25+00:00 ERROR Expired API Key provided: sk_test_*********************************************************************************************usy6li. Platform access may have been revoked.
----
2023-10-17T14:28:26+00:00 ERROR Expired API Key provided: sk_test_*********************************************************************************************usy6li. Platform access may have been revoked.
----
2023-10-17T14:28:26+00:00 ERROR Expired API Key provided: sk_test_*********************************************************************************************usy6li. Platform access may have been revoked.
----
2023-10-17T14:28:27+00:00 ERROR Expired API Key provided: sk_test_*********************************************************************************************usy6li. Platform access may have been revoked.
----
2023-10-17T14:28:27+00:00 ERROR Expired API Key provided: sk_test_*********************************************************************************************usy6li. Platform access may have been revoked.
----
2023-10-17T14:28:27+00:00 ERROR Expired API Key provided: sk_test_*********************************************************************************************usy6li. Platform access may have been revoked.
----
2023-10-17T14:28:37+00:00 ERROR Expired API Key provided: sk_test_*********************************************************************************************usy6li. Platform access may have been revoked.
----
2023-10-17T14:28:37+00:00 ERROR Expired API Key provided: sk_test_*********************************************************************************************usy6li. Platform access may have been revoked.
----
2023-10-17T14:28:38+00:00 ERROR Expired API Key provided: sk_test_*********************************************************************************************usy6li. Platform access may have been revoked.
----
2023-10-17T14:28:38+00:00 ERROR Expired API Key provided: sk_test_*********************************************************************************************usy6li. Platform access may have been revoked.
----
2023-10-17T14:28:39+00:00 ERROR Expired API Key provided: sk_test_*********************************************************************************************usy6li. Platform access may have been revoked.
----
2023-10-17T14:28:39+00:00 ERROR Expired API Key provided: sk_test_*********************************************************************************************usy6li. Platform access may have been revoked.
----
2023-10-17T14:28:39+00:00 ERROR Expired API Key provided: sk_test_*********************************************************************************************usy6li. Platform access may have been revoked.
----
2023-10-17T14:28:39+00:00 ERROR Expired API Key provided: sk_test_*********************************************************************************************usy6li. Platform access may have been revoked.
----
2023-10-17T14:28:40+00:00 ERROR Expired API Key provided: sk_test_*********************************************************************************************usy6li. Platform access may have been revoked.
----
2023-10-17T14:28:40+00:00 ERROR Expired API Key provided: sk_test_*********************************************************************************************usy6li. Platform access may have been revoked.
----
2023-10-17T14:28:41+00:00 ERROR Expired API Key provided: sk_test_*********************************************************************************************usy6li. Platform access may have been revoked.
----
2023-10-17T14:28:41+00:00 ERROR Expired API Key provided: sk_test_*********************************************************************************************usy6li. Platform access may have been revoked.
----
2023-10-17T14:28:41+00:00 ERROR Expired API Key provided: sk_test_*********************************************************************************************usy6li. Platform access may have been revoked.
----
2023-10-17T14:28:41+00:00 ERROR Expired API Key provided: sk_test_*********************************************************************************************usy6li. Platform access may have been revoked.
----
2023-10-17T14:28:54+00:00 ERROR Expired API Key provided: sk_test_*********************************************************************************************usy6li. Platform access may have been revoked.
----
2023-10-17T14:28:54+00:00 ERROR Expired API Key provided: sk_test_*********************************************************************************************usy6li. Platform access may have been revoked.
----
2023-10-17T14:28:55+00:00 ERROR Expired API Key provided: sk_test_*********************************************************************************************usy6li. Platform access may have been revoked.
----
2023-10-17T14:28:56+00:00 ERROR Expired API Key provided: sk_test_*********************************************************************************************usy6li. Platform access may have been revoked.
----
2023-10-17T14:28:56+00:00 ERROR Expired API Key provided: sk_test_*********************************************************************************************usy6li. Platform access may have been revoked.
----
2023-10-17T14:28:56+00:00 ERROR Expired API Key provided: sk_test_*********************************************************************************************usy6li. Platform access may have been revoked.
----
2023-10-17T14:28:56+00:00 ERROR Expired API Key provided: sk_test_*********************************************************************************************usy6li. Platform access may have been revoked.
----
2023-10-17T14:28:56+00:00 ERROR Expired API Key provided: sk_test_*********************************************************************************************usy6li. Platform access may have been revoked.
----
2023-10-17T14:28:57+00:00 ERROR Expired API Key provided: sk_test_*********************************************************************************************usy6li. Platform access may have been revoked.
----
2023-10-17T14:28:57+00:00 ERROR Expired API Key provided: sk_test_*********************************************************************************************usy6li. Platform access may have been revoked.
----
2023-10-17T14:28:58+00:00 ERROR Expired API Key provided: sk_test_*********************************************************************************************usy6li. Platform access may have been revoked.
----
2023-10-17T14:28:58+00:00 ERROR Expired API Key provided: sk_test_*********************************************************************************************usy6li. Platform access may have been revoked.
----
2023-10-17T14:28:58+00:00 ERROR Expired API Key provided: sk_test_*********************************************************************************************usy6li. Platform access may have been revoked.
----
2023-10-17T14:28:58+00:00 ERROR Expired API Key provided: sk_test_*********************************************************************************************usy6li. Platform access may have been revoked.
----
2023-10-17T14:29:05+00:00 ERROR Expired API Key provided: sk_test_*********************************************************************************************usy6li. Platform access may have been revoked.
----
2023-10-17T14:29:05+00:00 ERROR Expired API Key provided: sk_test_*********************************************************************************************usy6li. Platform access may have been revoked.
----
2023-10-17T14:29:05+00:00 ERROR Expired API Key provided: sk_test_*********************************************************************************************usy6li. Platform access may have been revoked.
----
2023-10-17T14:29:06+00:00 ERROR Expired API Key provided: sk_test_*********************************************************************************************usy6li. Platform access may have been revoked.
----
2023-10-17T14:29:06+00:00 ERROR Expired API Key provided: sk_test_*********************************************************************************************usy6li. Platform access may have been revoked.
----
2023-10-17T14:29:07+00:00 ERROR Expired API Key provided: sk_test_*********************************************************************************************usy6li. Platform access may have been revoked.
----
2023-10-17T14:29:07+00:00 ERROR Expired API Key provided: sk_test_*********************************************************************************************usy6li. Platform access may have been revoked.
----
2023-10-17T14:29:10+00:00 ERROR Expired API Key provided: sk_test_*********************************************************************************************usy6li. Platform access may have been revoked.
----
2023-10-17T14:29:11+00:00 ERROR Expired API Key provided: sk_test_*********************************************************************************************usy6li. Platform access may have been revoked.
----
2023-10-17T14:29:11+00:00 ERROR Expired API Key provided: sk_test_*********************************************************************************************usy6li. Platform access may have been revoked.
----
2023-10-17T14:29:12+00:00 ERROR Expired API Key provided: sk_test_*********************************************************************************************usy6li. Platform access may have been revoked.
----
2023-10-17T14:29:12+00:00 ERROR Expired API Key provided: sk_test_*********************************************************************************************usy6li. Platform access may have been revoked.
----
2023-10-17T14:29:12+00:00 ERROR Expired API Key provided: sk_test_*********************************************************************************************usy6li. Platform access may have been revoked.
----
2023-10-17T14:29:13+00:00 ERROR Expired API Key provided: sk_test_*********************************************************************************************usy6li. Platform access may have been revoked.
----
2023-10-17T14:29:13+00:00 ERROR Expired API Key provided: sk_test_*********************************************************************************************usy6li. Platform access may have been revoked.
----
2023-10-17T14:29:13+00:00 ERROR Expired API Key provided: sk_test_*********************************************************************************************usy6li. Platform access may have been revoked.
----
2023-10-17T14:29:14+00:00 ERROR Expired API Key provided: sk_test_*********************************************************************************************usy6li. Platform access may have been revoked.
----
2023-10-17T14:29:15+00:00 ERROR Expired API Key provided: sk_test_*********************************************************************************************usy6li. Platform access may have been revoked.
----
2023-10-17T14:29:15+00:00 ERROR Expired API Key provided: sk_test_*********************************************************************************************usy6li. Platform access may have been revoked.
----
2023-10-17T14:29:15+00:00 ERROR Expired API Key provided: sk_test_*********************************************************************************************usy6li. Platform access may have been revoked.
----
2023-10-17T14:29:15+00:00 ERROR Expired API Key provided: sk_test_*********************************************************************************************usy6li. Platform access may have been revoked.
----
2023-10-17T14:29:17+00:00 ERROR Expired API Key provided: sk_test_*********************************************************************************************usy6li. Platform access may have been revoked.
----
2023-10-17T14:29:17+00:00 ERROR Expired API Key provided: sk_test_*********************************************************************************************usy6li. Platform access may have been revoked.
----
2023-10-17T14:29:18+00:00 ERROR Expired API Key provided: sk_test_*********************************************************************************************usy6li. Platform access may have been revoked.
----
2023-10-17T14:29:19+00:00 ERROR Expired API Key provided: sk_test_*********************************************************************************************usy6li. Platform access may have been revoked.
----
2023-10-17T14:29:19+00:00 ERROR Expired API Key provided: sk_test_*********************************************************************************************usy6li. Platform access may have been revoked.
----
2023-10-17T14:29:19+00:00 ERROR Expired API Key provided: sk_test_*********************************************************************************************usy6li. Platform access may have been revoked.
----
2023-10-17T14:29:19+00:00 ERROR Expired API Key provided: sk_test_*********************************************************************************************usy6li. Platform access may have been revoked.
----
2023-10-17T14:29:20+00:00 ERROR Expired API Key provided: sk_test_*********************************************************************************************usy6li. Platform access may have been revoked.
----
2023-10-17T14:29:21+00:00 ERROR Expired API Key provided: sk_test_*********************************************************************************************usy6li. Platform access may have been revoked.
----
2023-10-17T14:29:21+00:00 ERROR Expired API Key provided: sk_test_*********************************************************************************************usy6li. Platform access may have been revoked.
----
2023-10-17T14:29:22+00:00 ERROR Expired API Key provided: sk_test_*********************************************************************************************usy6li. Platform access may have been revoked.
----
2023-10-17T14:29:22+00:00 ERROR Expired API Key provided: sk_test_*********************************************************************************************usy6li. Platform access may have been revoked.
----
2023-10-17T14:29:22+00:00 ERROR Expired API Key provided: sk_test_*********************************************************************************************usy6li. Platform access may have been revoked.
----
2023-10-17T14:29:23+00:00 ERROR Expired API Key provided: sk_test_*********************************************************************************************usy6li. Platform access may have been revoked.
----
2023-10-17T14:30:15+00:00 ERROR Expired API Key provided: sk_test_*********************************************************************************************usy6li. Platform access may have been revoked.
----
2023-10-17T14:30:15+00:00 ERROR Expired API Key provided: sk_test_*********************************************************************************************usy6li. Platform access may have been revoked.
----
2023-10-17T14:30:15+00:00 ERROR Expired API Key provided: sk_test_*********************************************************************************************usy6li. Platform access may have been revoked.
----
2023-10-17T14:30:16+00:00 ERROR Expired API Key provided: sk_test_*********************************************************************************************usy6li. Platform access may have been revoked.
----
2023-10-17T14:30:16+00:00 ERROR Expired API Key provided: sk_test_*********************************************************************************************usy6li. Platform access may have been revoked.
----
2023-10-17T14:30:17+00:00 ERROR Expired API Key provided: sk_test_*********************************************************************************************usy6li. Platform access may have been revoked.
----
2023-10-17T14:30:17+00:00 ERROR Expired API Key provided: sk_test_*********************************************************************************************usy6li. Platform access may have been revoked.
----
2023-10-17T14:30:19+00:00 ERROR Expired API Key provided: sk_test_*********************************************************************************************usy6li. Platform access may have been revoked.
----
2023-10-17T14:30:19+00:00 ERROR Expired API Key provided: sk_test_*********************************************************************************************usy6li. Platform access may have been revoked.
----
2023-10-17T14:30:20+00:00 ERROR Expired API Key provided: sk_test_*********************************************************************************************usy6li. Platform access may have been revoked.
----
2023-10-17T14:30:21+00:00 ERROR Expired API Key provided: sk_test_*********************************************************************************************usy6li. Platform access may have been revoked.
----
2023-10-17T14:30:21+00:00 ERROR Expired API Key provided: sk_test_*********************************************************************************************usy6li. Platform access may have been revoked.
----
2023-10-17T14:30:21+00:00 ERROR Expired API Key provided: sk_test_*********************************************************************************************usy6li. Platform access may have been revoked.
----
2023-10-17T14:30:21+00:00 ERROR Expired API Key provided: sk_test_*********************************************************************************************usy6li. Platform access may have been revoked.
----
2023-10-17T14:40:26+00:00 ERROR Expired API Key provided: sk_test_*********************************************************************************************usy6li. Platform access may have been revoked.
----
2023-10-17T14:40:42+00:00 ERROR Expired API Key provided: sk_test_*********************************************************************************************usy6li. Platform access may have been revoked.
----
2023-10-17T14:54:31+00:00 ERROR Expired API Key provided: sk_test_*********************************************************************************************usy6li. Platform access may have been revoked.
----
2023-10-17T14:57:59+00:00 ERROR Expired API Key provided: sk_test_*********************************************************************************************usy6li. Platform access may have been revoked.
----
2023-10-17T14:58:00+00:00 ERROR Expired API Key provided: sk_test_*********************************************************************************************usy6li. Platform access may have been revoked.
----
2023-10-17T14:58:00+00:00 ERROR Expired API Key provided: sk_test_*********************************************************************************************usy6li. Platform access may have been revoked.
----
2023-10-17T14:58:01+00:00 ERROR Expired API Key provided: sk_test_*********************************************************************************************usy6li. Platform access may have been revoked.
----
2023-10-17T14:59:05+00:00 ERROR Expired API Key provided: sk_test_*********************************************************************************************usy6li. Platform access may have been revoked.
----
2023-10-17T14:59:05+00:00 ERROR Expired API Key provided: sk_test_*********************************************************************************************usy6li. Platform access may have been revoked.
----
2023-10-17T14:59:11+00:00 ERROR Expired API Key provided: sk_test_*********************************************************************************************usy6li. Platform access may have been revoked.
----
2023-10-17T14:59:37+00:00 ERROR Expired API Key provided: sk_test_*********************************************************************************************usy6li. Platform access may have been revoked.
----
2023-10-17T14:59:37+00:00 ERROR Expired API Key provided: sk_test_*********************************************************************************************usy6li. Platform access may have been revoked.
----
2023-10-17T14:59:51+00:00 ERROR Expired API Key provided: sk_test_*********************************************************************************************usy6li. Platform access may have been revoked.
----
2023-10-17T15:00:20+00:00 ERROR Expired API Key provided: sk_test_*********************************************************************************************usy6li. Platform access may have been revoked.
----
2023-10-17T15:00:21+00:00 ERROR Expired API Key provided: sk_test_*********************************************************************************************usy6li. Platform access may have been revoked.
----
2023-10-17T15:00:53+00:00 ERROR Expired API Key provided: sk_test_*********************************************************************************************usy6li. Platform access may have been revoked.
----
2023-10-17T15:00:53+00:00 ERROR Expired API Key provided: sk_test_*********************************************************************************************usy6li. Platform access may have been revoked.
----
2023-10-17T15:01:08+00:00 ERROR Expired API Key provided: sk_test_*********************************************************************************************usy6li. Platform access may have been revoked.
----
2023-10-17T15:01:08+00:00 ERROR Expired API Key provided: sk_test_*********************************************************************************************usy6li. Platform access may have been revoked.
----
2023-10-17T15:01:09+00:00 ERROR Expired API Key provided: sk_test_*********************************************************************************************usy6li. Platform access may have been revoked.
----
2023-10-17T15:01:10+00:00 ERROR Expired API Key provided: sk_test_*********************************************************************************************usy6li. Platform access may have been revoked.
----
2023-10-17T15:01:17+00:00 ERROR Expired API Key provided: sk_test_*********************************************************************************************usy6li. Platform access may have been revoked.
----
2023-10-17T15:01:18+00:00 ERROR Expired API Key provided: sk_test_*********************************************************************************************usy6li. Platform access may have been revoked.
----
2023-10-17T15:01:25+00:00 ERROR Expired API Key provided: sk_test_*********************************************************************************************usy6li. Platform access may have been revoked.
----
2023-10-17T15:01:26+00:00 ERROR Expired API Key provided: sk_test_*********************************************************************************************usy6li. Platform access may have been revoked.
----
2023-10-17T15:01:26+00:00 ERROR Expired API Key provided: sk_test_*********************************************************************************************usy6li. Platform access may have been revoked.
----
2023-10-17T15:01:27+00:00 ERROR Expired API Key provided: sk_test_*********************************************************************************************usy6li. Platform access may have been revoked.
----
2023-10-17T15:01:27+00:00 ERROR Expired API Key provided: sk_test_*********************************************************************************************usy6li. Platform access may have been revoked.
----
2023-10-17T15:01:28+00:00 ERROR Expired API Key provided: sk_test_*********************************************************************************************usy6li. Platform access may have been revoked.
----
2023-10-17T15:01:28+00:00 ERROR Expired API Key provided: sk_test_*********************************************************************************************usy6li. Platform access may have been revoked.
----
2023-10-17T15:01:29+00:00 ERROR Expired API Key provided: sk_test_*********************************************************************************************usy6li. Platform access may have been revoked.
----
2023-10-17T15:01:29+00:00 ERROR Expired API Key provided: sk_test_*********************************************************************************************usy6li. Platform access may have been revoked.
----
2023-10-17T15:01:31+00:00 ERROR Expired API Key provided: sk_test_*********************************************************************************************usy6li. Platform access may have been revoked.
----
2023-10-17T15:01:31+00:00 ERROR Expired API Key provided: sk_test_*********************************************************************************************usy6li. Platform access may have been revoked.
----
2023-10-17T15:01:32+00:00 ERROR Expired API Key provided: sk_test_*********************************************************************************************usy6li. Platform access may have been revoked.
----
2023-10-17T15:01:32+00:00 ERROR Expired API Key provided: sk_test_*********************************************************************************************usy6li. Platform access may have been revoked.
----
2023-10-17T15:02:20+00:00 ERROR Expired API Key provided: sk_test_*********************************************************************************************usy6li. Platform access may have been revoked.
----
2023-10-17T15:02:20+00:00 ERROR Expired API Key provided: sk_test_*********************************************************************************************usy6li. Platform access may have been revoked.
----
2023-10-17T15:02:45+00:00 ERROR Expired API Key provided: sk_test_*********************************************************************************************usy6li. Platform access may have been revoked.
----
2023-10-17T15:02:45+00:00 ERROR Expired API Key provided: sk_test_*********************************************************************************************usy6li. Platform access may have been revoked.
----
2023-10-17T15:02:46+00:00 ERROR Expired API Key provided: sk_test_*********************************************************************************************usy6li. Platform access may have been revoked.
----
2023-10-17T15:02:47+00:00 ERROR Expired API Key provided: sk_test_*********************************************************************************************usy6li. Platform access may have been revoked.
----
2023-10-17T15:02:47+00:00 ERROR Expired API Key provided: sk_test_*********************************************************************************************usy6li. Platform access may have been revoked.
----
2023-10-17T15:02:48+00:00 ERROR Expired API Key provided: sk_test_*********************************************************************************************usy6li. Platform access may have been revoked.
----
2023-10-17T15:02:52+00:00 ERROR Expired API Key provided: sk_test_*********************************************************************************************usy6li. Platform access may have been revoked.
----
2023-10-17T15:02:52+00:00 ERROR Expired API Key provided: sk_test_*********************************************************************************************usy6li. Platform access may have been revoked.
----
2023-10-17T15:02:53+00:00 ERROR Expired API Key provided: sk_test_*********************************************************************************************usy6li. Platform access may have been revoked.
----
2023-10-17T15:02:53+00:00 ERROR Expired API Key provided: sk_test_*********************************************************************************************usy6li. Platform access may have been revoked.
----
2023-10-17T15:03:07+00:00 ERROR Expired API Key provided: sk_test_*********************************************************************************************usy6li. Platform access may have been revoked.
----
2023-10-17T15:03:07+00:00 ERROR Expired API Key provided: sk_test_*********************************************************************************************usy6li. Platform access may have been revoked.
----
2023-10-17T15:03:07+00:00 ERROR Expired API Key provided: sk_test_*********************************************************************************************usy6li. Platform access may have been revoked.
----
2023-10-17T15:03:13+00:00 ERROR Expired API Key provided: sk_test_*********************************************************************************************usy6li. Platform access may have been revoked.
----
2023-10-17T15:03:20+00:00 ERROR Expired API Key provided: sk_test_*********************************************************************************************usy6li. Platform access may have been revoked.
----
2023-10-17T15:03:24+00:00 ERROR Expired API Key provided: sk_test_*********************************************************************************************usy6li. Platform access may have been revoked.
----
2023-10-17T15:03:26+00:00 ERROR Expired API Key provided: sk_test_*********************************************************************************************usy6li. Platform access may have been revoked.
----
2023-10-17T15:03:28+00:00 ERROR Expired API Key provided: sk_test_*********************************************************************************************usy6li. Platform access may have been revoked.
----
2023-10-17T15:03:35+00:00 ERROR Expired API Key provided: sk_test_*********************************************************************************************usy6li. Platform access may have been revoked.
----
2023-10-17T15:03:39+00:00 ERROR Expired API Key provided: sk_test_*********************************************************************************************usy6li. Platform access may have been revoked.
----
2023-10-17T15:03:47+00:00 ERROR Expired API Key provided: sk_test_*********************************************************************************************usy6li. Platform access may have been revoked.
----
2023-10-17T15:03:50+00:00 ERROR Expired API Key provided: sk_test_*********************************************************************************************usy6li. Platform access may have been revoked.
----
2023-10-17T15:04:57+00:00 ERROR Expired API Key provided: sk_test_*********************************************************************************************usy6li. Platform access may have been revoked.
----
2023-10-17T15:04:59+00:00 ERROR Expired API Key provided: sk_test_*********************************************************************************************usy6li. Platform access may have been revoked.
----
2023-10-17T15:05:02+00:00 ERROR Expired API Key provided: sk_test_*********************************************************************************************usy6li. Platform access may have been revoked.
----
2023-10-17T15:05:41+00:00 ERROR Expired API Key provided: sk_test_*********************************************************************************************usy6li. Platform access may have been revoked.
----
2023-10-17T15:05:41+00:00 ERROR Expired API Key provided: sk_test_*********************************************************************************************usy6li. Platform access may have been revoked.
----
2023-10-17T15:06:27+00:00 ERROR Expired API Key provided: sk_test_*********************************************************************************************usy6li. Platform access may have been revoked.
----
2023-10-17T15:06:27+00:00 ERROR Expired API Key provided: sk_test_*********************************************************************************************usy6li. Platform access may have been revoked.
----
2023-10-17T15:06:28+00:00 ERROR Expired API Key provided: sk_test_*********************************************************************************************usy6li. Platform access may have been revoked.
----
2023-10-17T15:06:28+00:00 ERROR Expired API Key provided: sk_test_*********************************************************************************************usy6li. Platform access may have been revoked.
----
2023-10-17T15:06:38+00:00 ERROR Expired API Key provided: sk_test_*********************************************************************************************usy6li. Platform access may have been revoked.
----
2023-10-17T15:06:38+00:00 ERROR Expired API Key provided: sk_test_*********************************************************************************************usy6li. Platform access may have been revoked.
----
2023-10-17T15:06:42+00:00 ERROR Expired API Key provided: sk_test_*********************************************************************************************usy6li. Platform access may have been revoked.
----
2023-10-17T15:06:42+00:00 ERROR Expired API Key provided: sk_test_*********************************************************************************************usy6li. Platform access may have been revoked.
----
2023-10-17T15:13:16+00:00 ERROR Expired API Key provided: sk_test_*********************************************************************************************usy6li. Platform access may have been revoked.
----
2023-10-17T15:13:16+00:00 ERROR Expired API Key provided: sk_test_*********************************************************************************************usy6li. Platform access may have been revoked.
----
2023-10-17T15:13:30+00:00 ERROR Expired API Key provided: sk_test_*********************************************************************************************usy6li. Platform access may have been revoked.
----
2023-10-17T15:14:26+00:00 ERROR Expired API Key provided: sk_test_*********************************************************************************************usy6li. Platform access may have been revoked.
----
2023-10-17T15:14:26+00:00 ERROR Expired API Key provided: sk_test_*********************************************************************************************usy6li. Platform access may have been revoked.
----
2023-10-17T15:14:36+00:00 ERROR Expired API Key provided: sk_test_*********************************************************************************************usy6li. Platform access may have been revoked.
----
2023-10-17T15:14:49+00:00 ERROR Expired API Key provided: sk_test_*********************************************************************************************usy6li. Platform access may have been revoked.
----
2023-10-17T15:14:49+00:00 ERROR Expired API Key provided: sk_test_*********************************************************************************************usy6li. Platform access may have been revoked.
----
2023-10-17T15:14:58+00:00 ERROR Expired API Key provided: sk_test_*********************************************************************************************usy6li. Platform access may have been revoked.
----
2023-10-17T15:15:00+00:00 ERROR Expired API Key provided: sk_test_*********************************************************************************************usy6li. Platform access may have been revoked.
----
2023-10-17T15:15:08+00:00 ERROR Expired API Key provided: sk_test_*********************************************************************************************usy6li. Platform access may have been revoked.
----
2023-10-17T15:15:10+00:00 ERROR Expired API Key provided: sk_test_*********************************************************************************************usy6li. Platform access may have been revoked.
----
2023-10-17T15:15:48+00:00 ERROR Expired API Key provided: sk_test_*********************************************************************************************usy6li. Platform access may have been revoked.
----
2023-10-17T15:15:49+00:00 ERROR Expired API Key provided: sk_test_*********************************************************************************************usy6li. Platform access may have been revoked.
----
2023-10-17T15:15:50+00:00 ERROR Expired API Key provided: sk_test_*********************************************************************************************usy6li. Platform access may have been revoked.
----
2023-10-17T15:16:07+00:00 ERROR Expired API Key provided: sk_test_*********************************************************************************************usy6li. Platform access may have been revoked.
----
2023-10-17T15:16:09+00:00 ERROR Expired API Key provided: sk_test_*********************************************************************************************usy6li. Platform access may have been revoked.
----
2023-10-17T15:16:26+00:00 ERROR Expired API Key provided: sk_test_*********************************************************************************************usy6li. Platform access may have been revoked.
----
2023-10-17T15:16:27+00:00 ERROR Expired API Key provided: sk_test_*********************************************************************************************usy6li. Platform access may have been revoked.
----
2023-10-17T15:16:29+00:00 ERROR Expired API Key provided: sk_test_*********************************************************************************************usy6li. Platform access may have been revoked.
----
2023-10-17T15:16:58+00:00 ERROR Expired API Key provided: sk_test_*********************************************************************************************usy6li. Platform access may have been revoked.
----
2023-10-17T15:16:59+00:00 ERROR Expired API Key provided: sk_test_*********************************************************************************************usy6li. Platform access may have been revoked.
----
2023-10-17T15:17:19+00:00 ERROR Expired API Key provided: sk_test_*********************************************************************************************usy6li. Platform access may have been revoked.
----
2023-10-17T15:20:58+00:00 ERROR Expired API Key provided: sk_test_*********************************************************************************************usy6li. Platform access may have been revoked.
----
2023-10-17T15:32:27+00:00 ERROR Expired API Key provided: sk_test_*********************************************************************************************usy6li. Platform access may have been revoked.
----
2023-10-17T15:33:17+00:00 ERROR Expired API Key provided: sk_test_*********************************************************************************************usy6li. Platform access may have been revoked.
----
2023-10-17T15:33:21+00:00 ERROR Expired API Key provided: sk_test_*********************************************************************************************usy6li. Platform access may have been revoked.
----
2023-10-17T15:33:24+00:00 ERROR Expired API Key provided: sk_test_*********************************************************************************************usy6li. Platform access may have been revoked.
----
2023-10-17T15:35:10+00:00 ERROR Expired API Key provided: sk_test_*********************************************************************************************usy6li. Platform access may have been revoked.
----
2023-10-17T15:35:10+00:00 ERROR Expired API Key provided: sk_test_*********************************************************************************************usy6li. Platform access may have been revoked.
----
2023-10-17T15:35:32+00:00 ERROR Expired API Key provided: sk_test_*********************************************************************************************usy6li. Platform access may have been revoked.
----
2023-10-17T15:35:32+00:00 ERROR Expired API Key provided: sk_test_*********************************************************************************************usy6li. Platform access may have been revoked.
----
2023-10-17T15:35:33+00:00 ERROR Expired API Key provided: sk_test_*********************************************************************************************usy6li. Platform access may have been revoked.
----
2023-10-17T15:35:56+00:00 ERROR Expired API Key provided: sk_test_*********************************************************************************************usy6li. Platform access may have been revoked.
----
2023-10-17T15:35:56+00:00 ERROR Expired API Key provided: sk_test_*********************************************************************************************usy6li. Platform access may have been revoked.
----
2023-10-17T15:35:59+00:00 ERROR Expired API Key provided: sk_test_*********************************************************************************************usy6li. Platform access may have been revoked.
----
2023-10-17T15:35:59+00:00 ERROR Expired API Key provided: sk_test_*********************************************************************************************usy6li. Platform access may have been revoked.
----
2023-10-17T15:41:15+00:00 ERROR Expired API Key provided: sk_test_*********************************************************************************************usy6li. Platform access may have been revoked.
----
2023-10-17T15:42:18+00:00 ERROR Expired API Key provided: sk_test_*********************************************************************************************usy6li. Platform access may have been revoked.
----
2023-10-17T15:42:19+00:00 ERROR Expired API Key provided: sk_test_*********************************************************************************************usy6li. Platform access may have been revoked.
----
2023-10-17T15:42:30+00:00 ERROR Expired API Key provided: sk_test_*********************************************************************************************usy6li. Platform access may have been revoked.
----
2023-10-17T15:42:31+00:00 ERROR Expired API Key provided: sk_test_*********************************************************************************************usy6li. Platform access may have been revoked.
----
2023-10-17T15:42:42+00:00 ERROR Expired API Key provided: sk_test_*********************************************************************************************usy6li. Platform access may have been revoked.
----
2023-10-17T15:47:01+00:00 ERROR Expired API Key provided: sk_test_*********************************************************************************************usy6li. Platform access may have been revoked.
----
2023-10-17T15:49:04+00:00 ERROR Expired API Key provided: sk_test_*********************************************************************************************usy6li. Platform access may have been revoked.
----
2023-10-17T15:49:18+00:00 ERROR Expired API Key provided: sk_test_*********************************************************************************************usy6li. Platform access may have been revoked.
----
