2023-10-17T07:58:48+00:00 CRITICAL Uncaught WCPay\Exceptions\API_Exception: Your site host "localhost" is on a private network. Jetpack can only connect to public sites. in /Applications/XAMPP/xamppfiles/htdocs/clothes-store-wordpress/wp-content/plugins/woocommerce-payments/includes/wc-payment-api/class-wc-payments-http.php:194
Stack trace:
#0 /Applications/XAMPP/xamppfiles/htdocs/clothes-store-wordpress/wp-content/plugins/woocommerce-payments/includes/wc-payment-api/class-wc-payments-api-client.php(212): WC_Payments_Http->start_connection('http://localhos...')
#1 /Applications/XAMPP/xamppfiles/htdocs/clothes-store-wordpress/wp-content/plugins/woocommerce-payments/includes/class-wc-payments-account.php(1809): WC_Payments_API_Client->start_server_connection('http://localhos...')
#2 /Applications/XAMPP/xamppfiles/htdocs/clothes-store-wordpress/wp-content/plugins/woocommerce-payments/includes/class-wc-payments-account.php(910): WC_Payments_Account->redirect_to_onboarding_flow_page()
#3 /Applications/XAMPP/xamppfiles/htdocs/clothes-store-wordpress/wp-includes/class-wp-hook.php(310): WC_Payments_Account->maybe_handle_onboarding('')
#4 /Applications/XAMPP/xamppfiles/htdocs/clothes-store-wordpress/wp-includes/class-wp-hook.php(334): WP_Hook->apply_filters(NULL, Array)
#5 /Applications/XAMPP/xamppfiles/htdocs/clothes-store-wordpress/wp-includes/plugin.php(517): WP_Hook->do_action(Array)
#6 /Applications/XAMPP/xamppfiles/htdocs/clothes-store-wordpress/wp-admin/admin.php(175): do_action('admin_init')
#7 /Applications/XAMPP/xamppfiles/htdocs/clothes-store-wordpress/wp-admin/index.php(10): require_once('/Applications/X...')
#8 {main}
  thrown in /Applications/XAMPP/xamppfiles/htdocs/clothes-store-wordpress/wp-content/plugins/woocommerce-payments/includes/wc-payment-api/class-wc-payments-http.php on line 194

2023-10-17T07:58:54+00:00 CRITICAL Uncaught WCPay\Exceptions\API_Exception: Your site host "localhost" is on a private network. Jetpack can only connect to public sites. in /Applications/XAMPP/xamppfiles/htdocs/clothes-store-wordpress/wp-content/plugins/woocommerce-payments/includes/wc-payment-api/class-wc-payments-http.php:194
Stack trace:
#0 /Applications/XAMPP/xamppfiles/htdocs/clothes-store-wordpress/wp-content/plugins/woocommerce-payments/includes/wc-payment-api/class-wc-payments-api-client.php(212): WC_Payments_Http->start_connection('http://localhos...')
#1 /Applications/XAMPP/xamppfiles/htdocs/clothes-store-wordpress/wp-content/plugins/woocommerce-payments/includes/class-wc-payments-account.php(1809): WC_Payments_API_Client->start_server_connection('http://localhos...')
#2 /Applications/XAMPP/xamppfiles/htdocs/clothes-store-wordpress/wp-content/plugins/woocommerce-payments/includes/class-wc-payments-account.php(910): WC_Payments_Account->redirect_to_onboarding_flow_page()
#3 /Applications/XAMPP/xamppfiles/htdocs/clothes-store-wordpress/wp-includes/class-wp-hook.php(310): WC_Payments_Account->maybe_handle_onboarding('')
#4 /Applications/XAMPP/xamppfiles/htdocs/clothes-store-wordpress/wp-includes/class-wp-hook.php(334): WP_Hook->apply_filters(NULL, Array)
#5 /Applications/XAMPP/xamppfiles/htdocs/clothes-store-wordpress/wp-includes/plugin.php(517): WP_Hook->do_action(Array)
#6 /Applications/XAMPP/xamppfiles/htdocs/clothes-store-wordpress/wp-admin/admin.php(175): do_action('admin_init')
#7 /Applications/XAMPP/xamppfiles/htdocs/clothes-store-wordpress/wp-admin/index.php(10): require_once('/Applications/X...')
#8 {main}
  thrown in /Applications/XAMPP/xamppfiles/htdocs/clothes-store-wordpress/wp-content/plugins/woocommerce-payments/includes/wc-payment-api/class-wc-payments-http.php on line 194

2023-10-17T07:59:25+00:00 CRITICAL Uncaught WCPay\Exceptions\API_Exception: Your site host "localhost" is on a private network. Jetpack can only connect to public sites. in /Applications/XAMPP/xamppfiles/htdocs/clothes-store-wordpress/wp-content/plugins/woocommerce-payments/includes/wc-payment-api/class-wc-payments-http.php:194
Stack trace:
#0 /Applications/XAMPP/xamppfiles/htdocs/clothes-store-wordpress/wp-content/plugins/woocommerce-payments/includes/wc-payment-api/class-wc-payments-api-client.php(212): WC_Payments_Http->start_connection('http://localhos...')
#1 /Applications/XAMPP/xamppfiles/htdocs/clothes-store-wordpress/wp-content/plugins/woocommerce-payments/includes/class-wc-payments-account.php(1809): WC_Payments_API_Client->start_server_connection('http://localhos...')
#2 /Applications/XAMPP/xamppfiles/htdocs/clothes-store-wordpress/wp-content/plugins/woocommerce-payments/includes/class-wc-payments-account.php(910): WC_Payments_Account->redirect_to_onboarding_flow_page()
#3 /Applications/XAMPP/xamppfiles/htdocs/clothes-store-wordpress/wp-includes/class-wp-hook.php(310): WC_Payments_Account->maybe_handle_onboarding('')
#4 /Applications/XAMPP/xamppfiles/htdocs/clothes-store-wordpress/wp-includes/class-wp-hook.php(334): WP_Hook->apply_filters(NULL, Array)
#5 /Applications/XAMPP/xamppfiles/htdocs/clothes-store-wordpress/wp-includes/plugin.php(517): WP_Hook->do_action(Array)
#6 /Applications/XAMPP/xamppfiles/htdocs/clothes-store-wordpress/wp-admin/admin.php(175): do_action('admin_init')
#7 /Applications/XAMPP/xamppfiles/htdocs/clothes-store-wordpress/wp-admin/index.php(10): require_once('/Applications/X...')
#8 {main}
  thrown in /Applications/XAMPP/xamppfiles/htdocs/clothes-store-wordpress/wp-content/plugins/woocommerce-payments/includes/wc-payment-api/class-wc-payments-http.php on line 194

2023-10-17T07:59:58+00:00 CRITICAL Uncaught WCPay\Exceptions\API_Exception: Your site host "localhost" is on a private network. Jetpack can only connect to public sites. in /Applications/XAMPP/xamppfiles/htdocs/clothes-store-wordpress/wp-content/plugins/woocommerce-payments/includes/wc-payment-api/class-wc-payments-http.php:194
Stack trace:
#0 /Applications/XAMPP/xamppfiles/htdocs/clothes-store-wordpress/wp-content/plugins/woocommerce-payments/includes/wc-payment-api/class-wc-payments-api-client.php(212): WC_Payments_Http->start_connection('http://localhos...')
#1 /Applications/XAMPP/xamppfiles/htdocs/clothes-store-wordpress/wp-content/plugins/woocommerce-payments/includes/class-wc-payments-account.php(1809): WC_Payments_API_Client->start_server_connection('http://localhos...')
#2 /Applications/XAMPP/xamppfiles/htdocs/clothes-store-wordpress/wp-content/plugins/woocommerce-payments/includes/class-wc-payments-account.php(910): WC_Payments_Account->redirect_to_onboarding_flow_page()
#3 /Applications/XAMPP/xamppfiles/htdocs/clothes-store-wordpress/wp-includes/class-wp-hook.php(310): WC_Payments_Account->maybe_handle_onboarding('')
#4 /Applications/XAMPP/xamppfiles/htdocs/clothes-store-wordpress/wp-includes/class-wp-hook.php(334): WP_Hook->apply_filters(NULL, Array)
#5 /Applications/XAMPP/xamppfiles/htdocs/clothes-store-wordpress/wp-includes/plugin.php(517): WP_Hook->do_action(Array)
#6 /Applications/XAMPP/xamppfiles/htdocs/clothes-store-wordpress/wp-admin/admin.php(175): do_action('admin_init')
#7 /Applications/XAMPP/xamppfiles/htdocs/clothes-store-wordpress/wp-admin/index.php(10): require_once('/Applications/X...')
#8 {main}
  thrown in /Applications/XAMPP/xamppfiles/htdocs/clothes-store-wordpress/wp-content/plugins/woocommerce-payments/includes/wc-payment-api/class-wc-payments-http.php on line 194

2023-10-17T08:00:39+00:00 CRITICAL Uncaught WCPay\Exceptions\API_Exception: Your site host "localhost" is on a private network. Jetpack can only connect to public sites. in /Applications/XAMPP/xamppfiles/htdocs/clothes-store-wordpress/wp-content/plugins/woocommerce-payments/includes/wc-payment-api/class-wc-payments-http.php:194
Stack trace:
#0 /Applications/XAMPP/xamppfiles/htdocs/clothes-store-wordpress/wp-content/plugins/woocommerce-payments/includes/wc-payment-api/class-wc-payments-api-client.php(212): WC_Payments_Http->start_connection('http://localhos...')
#1 /Applications/XAMPP/xamppfiles/htdocs/clothes-store-wordpress/wp-content/plugins/woocommerce-payments/includes/class-wc-payments-account.php(1809): WC_Payments_API_Client->start_server_connection('http://localhos...')
#2 /Applications/XAMPP/xamppfiles/htdocs/clothes-store-wordpress/wp-content/plugins/woocommerce-payments/includes/class-wc-payments-account.php(910): WC_Payments_Account->redirect_to_onboarding_flow_page()
#3 /Applications/XAMPP/xamppfiles/htdocs/clothes-store-wordpress/wp-includes/class-wp-hook.php(310): WC_Payments_Account->maybe_handle_onboarding('')
#4 /Applications/XAMPP/xamppfiles/htdocs/clothes-store-wordpress/wp-includes/class-wp-hook.php(334): WP_Hook->apply_filters(NULL, Array)
#5 /Applications/XAMPP/xamppfiles/htdocs/clothes-store-wordpress/wp-includes/plugin.php(517): WP_Hook->do_action(Array)
#6 /Applications/XAMPP/xamppfiles/htdocs/clothes-store-wordpress/wp-admin/admin.php(175): do_action('admin_init')
#7 /Applications/XAMPP/xamppfiles/htdocs/clothes-store-wordpress/wp-admin/index.php(10): require_once('/Applications/X...')
#8 {main}
  thrown in /Applications/XAMPP/xamppfiles/htdocs/clothes-store-wordpress/wp-content/plugins/woocommerce-payments/includes/wc-payment-api/class-wc-payments-http.php on line 194

2023-10-17T08:00:51+00:00 CRITICAL Uncaught WCPay\Exceptions\API_Exception: Your site host "localhost" is on a private network. Jetpack can only connect to public sites. in /Applications/XAMPP/xamppfiles/htdocs/clothes-store-wordpress/wp-content/plugins/woocommerce-payments/includes/wc-payment-api/class-wc-payments-http.php:194
Stack trace:
#0 /Applications/XAMPP/xamppfiles/htdocs/clothes-store-wordpress/wp-content/plugins/woocommerce-payments/includes/wc-payment-api/class-wc-payments-api-client.php(212): WC_Payments_Http->start_connection('http://localhos...')
#1 /Applications/XAMPP/xamppfiles/htdocs/clothes-store-wordpress/wp-content/plugins/woocommerce-payments/includes/class-wc-payments-account.php(1809): WC_Payments_API_Client->start_server_connection('http://localhos...')
#2 /Applications/XAMPP/xamppfiles/htdocs/clothes-store-wordpress/wp-content/plugins/woocommerce-payments/includes/class-wc-payments-account.php(910): WC_Payments_Account->redirect_to_onboarding_flow_page()
#3 /Applications/XAMPP/xamppfiles/htdocs/clothes-store-wordpress/wp-includes/class-wp-hook.php(310): WC_Payments_Account->maybe_handle_onboarding('')
#4 /Applications/XAMPP/xamppfiles/htdocs/clothes-store-wordpress/wp-includes/class-wp-hook.php(334): WP_Hook->apply_filters(NULL, Array)
#5 /Applications/XAMPP/xamppfiles/htdocs/clothes-store-wordpress/wp-includes/plugin.php(517): WP_Hook->do_action(Array)
#6 /Applications/XAMPP/xamppfiles/htdocs/clothes-store-wordpress/wp-admin/admin.php(175): do_action('admin_init')
#7 {main}
  thrown in /Applications/XAMPP/xamppfiles/htdocs/clothes-store-wordpress/wp-content/plugins/woocommerce-payments/includes/wc-payment-api/class-wc-payments-http.php on line 194

2023-10-17T08:01:06+00:00 CRITICAL Uncaught WCPay\Exceptions\API_Exception: Your site host "localhost" is on a private network. Jetpack can only connect to public sites. in /Applications/XAMPP/xamppfiles/htdocs/clothes-store-wordpress/wp-content/plugins/woocommerce-payments/includes/wc-payment-api/class-wc-payments-http.php:194
Stack trace:
#0 /Applications/XAMPP/xamppfiles/htdocs/clothes-store-wordpress/wp-content/plugins/woocommerce-payments/includes/wc-payment-api/class-wc-payments-api-client.php(212): WC_Payments_Http->start_connection('http://localhos...')
#1 /Applications/XAMPP/xamppfiles/htdocs/clothes-store-wordpress/wp-content/plugins/woocommerce-payments/includes/class-wc-payments-account.php(1809): WC_Payments_API_Client->start_server_connection('http://localhos...')
#2 /Applications/XAMPP/xamppfiles/htdocs/clothes-store-wordpress/wp-content/plugins/woocommerce-payments/includes/class-wc-payments-account.php(910): WC_Payments_Account->redirect_to_onboarding_flow_page()
#3 /Applications/XAMPP/xamppfiles/htdocs/clothes-store-wordpress/wp-includes/class-wp-hook.php(310): WC_Payments_Account->maybe_handle_onboarding('')
#4 /Applications/XAMPP/xamppfiles/htdocs/clothes-store-wordpress/wp-includes/class-wp-hook.php(334): WP_Hook->apply_filters(NULL, Array)
#5 /Applications/XAMPP/xamppfiles/htdocs/clothes-store-wordpress/wp-includes/plugin.php(517): WP_Hook->do_action(Array)
#6 /Applications/XAMPP/xamppfiles/htdocs/clothes-store-wordpress/wp-admin/admin.php(175): do_action('admin_init')
#7 {main}
  thrown in /Applications/XAMPP/xamppfiles/htdocs/clothes-store-wordpress/wp-content/plugins/woocommerce-payments/includes/wc-payment-api/class-wc-payments-http.php on line 194

2023-10-17T08:09:49+00:00 CRITICAL Uncaught WCPay\Exceptions\API_Exception: Your site host "localhost" is on a private network. Jetpack can only connect to public sites. in /Applications/XAMPP/xamppfiles/htdocs/clothes-store-wordpress/wp-content/plugins/woocommerce-payments/includes/wc-payment-api/class-wc-payments-http.php:194
Stack trace:
#0 /Applications/XAMPP/xamppfiles/htdocs/clothes-store-wordpress/wp-content/plugins/woocommerce-payments/includes/wc-payment-api/class-wc-payments-api-client.php(212): WC_Payments_Http->start_connection('http://localhos...')
#1 /Applications/XAMPP/xamppfiles/htdocs/clothes-store-wordpress/wp-content/plugins/woocommerce-payments/includes/class-wc-payments-account.php(1809): WC_Payments_API_Client->start_server_connection('http://localhos...')
#2 /Applications/XAMPP/xamppfiles/htdocs/clothes-store-wordpress/wp-content/plugins/woocommerce-payments/includes/class-wc-payments-account.php(910): WC_Payments_Account->redirect_to_onboarding_flow_page()
#3 /Applications/XAMPP/xamppfiles/htdocs/clothes-store-wordpress/wp-includes/class-wp-hook.php(310): WC_Payments_Account->maybe_handle_onboarding('')
#4 /Applications/XAMPP/xamppfiles/htdocs/clothes-store-wordpress/wp-includes/class-wp-hook.php(334): WP_Hook->apply_filters(NULL, Array)
#5 /Applications/XAMPP/xamppfiles/htdocs/clothes-store-wordpress/wp-includes/plugin.php(517): WP_Hook->do_action(Array)
#6 /Applications/XAMPP/xamppfiles/htdocs/clothes-store-wordpress/wp-admin/admin.php(175): do_action('admin_init')
#7 {main}
  thrown in /Applications/XAMPP/xamppfiles/htdocs/clothes-store-wordpress/wp-content/plugins/woocommerce-payments/includes/wc-payment-api/class-wc-payments-http.php on line 194

2023-10-17T08:11:17+00:00 CRITICAL Uncaught WCPay\Exceptions\API_Exception: Your site host "localhost" is on a private network. Jetpack can only connect to public sites. in /Applications/XAMPP/xamppfiles/htdocs/clothes-store-wordpress/wp-content/plugins/woocommerce-payments/includes/wc-payment-api/class-wc-payments-http.php:194
Stack trace:
#0 /Applications/XAMPP/xamppfiles/htdocs/clothes-store-wordpress/wp-content/plugins/woocommerce-payments/includes/wc-payment-api/class-wc-payments-api-client.php(212): WC_Payments_Http->start_connection('http://localhos...')
#1 /Applications/XAMPP/xamppfiles/htdocs/clothes-store-wordpress/wp-content/plugins/woocommerce-payments/includes/class-wc-payments-account.php(1809): WC_Payments_API_Client->start_server_connection('http://localhos...')
#2 /Applications/XAMPP/xamppfiles/htdocs/clothes-store-wordpress/wp-content/plugins/woocommerce-payments/includes/class-wc-payments-account.php(910): WC_Payments_Account->redirect_to_onboarding_flow_page()
#3 /Applications/XAMPP/xamppfiles/htdocs/clothes-store-wordpress/wp-includes/class-wp-hook.php(310): WC_Payments_Account->maybe_handle_onboarding('')
#4 /Applications/XAMPP/xamppfiles/htdocs/clothes-store-wordpress/wp-includes/class-wp-hook.php(334): WP_Hook->apply_filters(NULL, Array)
#5 /Applications/XAMPP/xamppfiles/htdocs/clothes-store-wordpress/wp-includes/plugin.php(517): WP_Hook->do_action(Array)
#6 /Applications/XAMPP/xamppfiles/htdocs/clothes-store-wordpress/wp-admin/admin.php(175): do_action('admin_init')
#7 {main}
  thrown in /Applications/XAMPP/xamppfiles/htdocs/clothes-store-wordpress/wp-content/plugins/woocommerce-payments/includes/wc-payment-api/class-wc-payments-http.php on line 194

2023-10-17T08:11:27+00:00 CRITICAL Uncaught WCPay\Exceptions\API_Exception: Your site host "localhost" is on a private network. Jetpack can only connect to public sites. in /Applications/XAMPP/xamppfiles/htdocs/clothes-store-wordpress/wp-content/plugins/woocommerce-payments/includes/wc-payment-api/class-wc-payments-http.php:194
Stack trace:
#0 /Applications/XAMPP/xamppfiles/htdocs/clothes-store-wordpress/wp-content/plugins/woocommerce-payments/includes/wc-payment-api/class-wc-payments-api-client.php(212): WC_Payments_Http->start_connection('http://localhos...')
#1 /Applications/XAMPP/xamppfiles/htdocs/clothes-store-wordpress/wp-content/plugins/woocommerce-payments/includes/class-wc-payments-account.php(1809): WC_Payments_API_Client->start_server_connection('http://localhos...')
#2 /Applications/XAMPP/xamppfiles/htdocs/clothes-store-wordpress/wp-content/plugins/woocommerce-payments/includes/class-wc-payments-account.php(910): WC_Payments_Account->redirect_to_onboarding_flow_page()
#3 /Applications/XAMPP/xamppfiles/htdocs/clothes-store-wordpress/wp-includes/class-wp-hook.php(310): WC_Payments_Account->maybe_handle_onboarding('')
#4 /Applications/XAMPP/xamppfiles/htdocs/clothes-store-wordpress/wp-includes/class-wp-hook.php(334): WP_Hook->apply_filters(NULL, Array)
#5 /Applications/XAMPP/xamppfiles/htdocs/clothes-store-wordpress/wp-includes/plugin.php(517): WP_Hook->do_action(Array)
#6 /Applications/XAMPP/xamppfiles/htdocs/clothes-store-wordpress/wp-admin/admin.php(175): do_action('admin_init')
#7 /Applications/XAMPP/xamppfiles/htdocs/clothes-store-wordpress/wp-admin/index.php(10): require_once('/Applications/X...')
#8 {main}
  thrown in /Applications/XAMPP/xamppfiles/htdocs/clothes-store-wordpress/wp-content/plugins/woocommerce-payments/includes/wc-payment-api/class-wc-payments-http.php on line 194

2023-10-17T08:18:03+00:00 CRITICAL Uncaught WCPay\Exceptions\API_Exception: Your site host "localhost" is on a private network. Jetpack can only connect to public sites. in /Applications/XAMPP/xamppfiles/htdocs/clothes-store-wordpress/wp-content/plugins/woocommerce-payments/includes/wc-payment-api/class-wc-payments-http.php:194
Stack trace:
#0 /Applications/XAMPP/xamppfiles/htdocs/clothes-store-wordpress/wp-content/plugins/woocommerce-payments/includes/wc-payment-api/class-wc-payments-api-client.php(212): WC_Payments_Http->start_connection('http://localhos...')
#1 /Applications/XAMPP/xamppfiles/htdocs/clothes-store-wordpress/wp-content/plugins/woocommerce-payments/includes/class-wc-payments-account.php(1809): WC_Payments_API_Client->start_server_connection('http://localhos...')
#2 /Applications/XAMPP/xamppfiles/htdocs/clothes-store-wordpress/wp-content/plugins/woocommerce-payments/includes/class-wc-payments-account.php(910): WC_Payments_Account->redirect_to_onboarding_flow_page()
#3 /Applications/XAMPP/xamppfiles/htdocs/clothes-store-wordpress/wp-includes/class-wp-hook.php(310): WC_Payments_Account->maybe_handle_onboarding('')
#4 /Applications/XAMPP/xamppfiles/htdocs/clothes-store-wordpress/wp-includes/class-wp-hook.php(334): WP_Hook->apply_filters(NULL, Array)
#5 /Applications/XAMPP/xamppfiles/htdocs/clothes-store-wordpress/wp-includes/plugin.php(517): WP_Hook->do_action(Array)
#6 /Applications/XAMPP/xamppfiles/htdocs/clothes-store-wordpress/wp-admin/admin.php(175): do_action('admin_init')
#7 {main}
  thrown in /Applications/XAMPP/xamppfiles/htdocs/clothes-store-wordpress/wp-content/plugins/woocommerce-payments/includes/wc-payment-api/class-wc-payments-http.php on line 194

2023-10-17T08:18:39+00:00 CRITICAL Uncaught WCPay\Exceptions\API_Exception: Your site host "localhost" is on a private network. Jetpack can only connect to public sites. in /Applications/XAMPP/xamppfiles/htdocs/clothes-store-wordpress/wp-content/plugins/woocommerce-payments/includes/wc-payment-api/class-wc-payments-http.php:194
Stack trace:
#0 /Applications/XAMPP/xamppfiles/htdocs/clothes-store-wordpress/wp-content/plugins/woocommerce-payments/includes/wc-payment-api/class-wc-payments-api-client.php(212): WC_Payments_Http->start_connection('http://localhos...')
#1 /Applications/XAMPP/xamppfiles/htdocs/clothes-store-wordpress/wp-content/plugins/woocommerce-payments/includes/class-wc-payments-account.php(1809): WC_Payments_API_Client->start_server_connection('http://localhos...')
#2 /Applications/XAMPP/xamppfiles/htdocs/clothes-store-wordpress/wp-content/plugins/woocommerce-payments/includes/class-wc-payments-account.php(910): WC_Payments_Account->redirect_to_onboarding_flow_page()
#3 /Applications/XAMPP/xamppfiles/htdocs/clothes-store-wordpress/wp-includes/class-wp-hook.php(310): WC_Payments_Account->maybe_handle_onboarding('')
#4 /Applications/XAMPP/xamppfiles/htdocs/clothes-store-wordpress/wp-includes/class-wp-hook.php(334): WP_Hook->apply_filters(NULL, Array)
#5 /Applications/XAMPP/xamppfiles/htdocs/clothes-store-wordpress/wp-includes/plugin.php(517): WP_Hook->do_action(Array)
#6 /Applications/XAMPP/xamppfiles/htdocs/clothes-store-wordpress/wp-admin/admin.php(175): do_action('admin_init')
#7 {main}
  thrown in /Applications/XAMPP/xamppfiles/htdocs/clothes-store-wordpress/wp-content/plugins/woocommerce-payments/includes/wc-payment-api/class-wc-payments-http.php on line 194

2023-10-17T08:33:38+00:00 CRITICAL Uncaught WCPay\Exceptions\API_Exception: Your site host "localhost" is on a private network. Jetpack can only connect to public sites. in /Applications/XAMPP/xamppfiles/htdocs/clothes-store-wordpress/wp-content/plugins/woocommerce-payments/includes/wc-payment-api/class-wc-payments-http.php:194
Stack trace:
#0 /Applications/XAMPP/xamppfiles/htdocs/clothes-store-wordpress/wp-content/plugins/woocommerce-payments/includes/wc-payment-api/class-wc-payments-api-client.php(212): WC_Payments_Http->start_connection('http://localhos...')
#1 /Applications/XAMPP/xamppfiles/htdocs/clothes-store-wordpress/wp-content/plugins/woocommerce-payments/includes/class-wc-payments-account.php(1809): WC_Payments_API_Client->start_server_connection('http://localhos...')
#2 /Applications/XAMPP/xamppfiles/htdocs/clothes-store-wordpress/wp-content/plugins/woocommerce-payments/includes/class-wc-payments-account.php(910): WC_Payments_Account->redirect_to_onboarding_flow_page()
#3 /Applications/XAMPP/xamppfiles/htdocs/clothes-store-wordpress/wp-includes/class-wp-hook.php(310): WC_Payments_Account->maybe_handle_onboarding('')
#4 /Applications/XAMPP/xamppfiles/htdocs/clothes-store-wordpress/wp-includes/class-wp-hook.php(334): WP_Hook->apply_filters(NULL, Array)
#5 /Applications/XAMPP/xamppfiles/htdocs/clothes-store-wordpress/wp-includes/plugin.php(517): WP_Hook->do_action(Array)
#6 /Applications/XAMPP/xamppfiles/htdocs/clothes-store-wordpress/wp-admin/admin.php(175): do_action('admin_init')
#7 /Applications/XAMPP/xamppfiles/htdocs/clothes-store-wordpress/wp-admin/index.php(10): require_once('/Applications/X...')
#8 {main}
  thrown in /Applications/XAMPP/xamppfiles/htdocs/clothes-store-wordpress/wp-content/plugins/woocommerce-payments/includes/wc-payment-api/class-wc-payments-http.php on line 194

2023-10-17T09:43:02+00:00 CRITICAL Uncaught WCPay\Exceptions\API_Exception: Your site host "localhost" is on a private network. Jetpack can only connect to public sites. in /Applications/XAMPP/xamppfiles/htdocs/clothes-store-wordpress/wp-content/plugins/woocommerce-payments/includes/wc-payment-api/class-wc-payments-http.php:194
Stack trace:
#0 /Applications/XAMPP/xamppfiles/htdocs/clothes-store-wordpress/wp-content/plugins/woocommerce-payments/includes/wc-payment-api/class-wc-payments-api-client.php(212): WC_Payments_Http->start_connection('http://localhos...')
#1 /Applications/XAMPP/xamppfiles/htdocs/clothes-store-wordpress/wp-content/plugins/woocommerce-payments/includes/class-wc-payments-account.php(1809): WC_Payments_API_Client->start_server_connection('http://localhos...')
#2 /Applications/XAMPP/xamppfiles/htdocs/clothes-store-wordpress/wp-content/plugins/woocommerce-payments/includes/class-wc-payments-account.php(910): WC_Payments_Account->redirect_to_onboarding_flow_page()
#3 /Applications/XAMPP/xamppfiles/htdocs/clothes-store-wordpress/wp-includes/class-wp-hook.php(310): WC_Payments_Account->maybe_handle_onboarding('')
#4 /Applications/XAMPP/xamppfiles/htdocs/clothes-store-wordpress/wp-includes/class-wp-hook.php(334): WP_Hook->apply_filters(NULL, Array)
#5 /Applications/XAMPP/xamppfiles/htdocs/clothes-store-wordpress/wp-includes/plugin.php(517): WP_Hook->do_action(Array)
#6 /Applications/XAMPP/xamppfiles/htdocs/clothes-store-wordpress/wp-admin/admin.php(175): do_action('admin_init')
#7 {main}
  thrown in /Applications/XAMPP/xamppfiles/htdocs/clothes-store-wordpress/wp-content/plugins/woocommerce-payments/includes/wc-payment-api/class-wc-payments-http.php on line 194

2023-10-17T13:27:54+00:00 CRITICAL Uncaught WCPay\Exceptions\API_Exception: Your site host "localhost" is on a private network. Jetpack can only connect to public sites. in /Applications/XAMPP/xamppfiles/htdocs/clothes-store-wordpress/wp-content/plugins/woocommerce-payments/includes/wc-payment-api/class-wc-payments-http.php:194
Stack trace:
#0 /Applications/XAMPP/xamppfiles/htdocs/clothes-store-wordpress/wp-content/plugins/woocommerce-payments/includes/wc-payment-api/class-wc-payments-api-client.php(212): WC_Payments_Http->start_connection('http://localhos...')
#1 /Applications/XAMPP/xamppfiles/htdocs/clothes-store-wordpress/wp-content/plugins/woocommerce-payments/includes/class-wc-payments-account.php(1809): WC_Payments_API_Client->start_server_connection('http://localhos...')
#2 /Applications/XAMPP/xamppfiles/htdocs/clothes-store-wordpress/wp-content/plugins/woocommerce-payments/includes/class-wc-payments-account.php(910): WC_Payments_Account->redirect_to_onboarding_flow_page()
#3 /Applications/XAMPP/xamppfiles/htdocs/clothes-store-wordpress/wp-includes/class-wp-hook.php(310): WC_Payments_Account->maybe_handle_onboarding('')
#4 /Applications/XAMPP/xamppfiles/htdocs/clothes-store-wordpress/wp-includes/class-wp-hook.php(334): WP_Hook->apply_filters(NULL, Array)
#5 /Applications/XAMPP/xamppfiles/htdocs/clothes-store-wordpress/wp-includes/plugin.php(517): WP_Hook->do_action(Array)
#6 /Applications/XAMPP/xamppfiles/htdocs/clothes-store-wordpress/wp-admin/admin.php(175): do_action('admin_init')
#7 {main}
  thrown in /Applications/XAMPP/xamppfiles/htdocs/clothes-store-wordpress/wp-content/plugins/woocommerce-payments/includes/wc-payment-api/class-wc-payments-http.php on line 194

2023-10-17T15:34:22+00:00 CRITICAL Uncaught TypeError: call_user_func_array(): Argument #1 ($callback) must be a valid callback, function "myTheme_sidebar" not found or invalid function name in /Applications/XAMPP/xamppfiles/htdocs/clothes-store-wordpress/wp-includes/class-wp-hook.php:310
Stack trace:
#0 /Applications/XAMPP/xamppfiles/htdocs/clothes-store-wordpress/wp-includes/class-wp-hook.php(334): WP_Hook->apply_filters(NULL, Array)
#1 /Applications/XAMPP/xamppfiles/htdocs/clothes-store-wordpress/wp-includes/plugin.php(517): WP_Hook->do_action(Array)
#2 /Applications/XAMPP/xamppfiles/htdocs/clothes-store-wordpress/wp-includes/widgets.php(1858): do_action('widgets_init')
#3 /Applications/XAMPP/xamppfiles/htdocs/clothes-store-wordpress/wp-includes/class-wp-hook.php(310): wp_widgets_init('')
#4 /Applications/XAMPP/xamppfiles/htdocs/clothes-store-wordpress/wp-includes/class-wp-hook.php(334): WP_Hook->apply_filters(NULL, Array)
#5 /Applications/XAMPP/xamppfiles/htdocs/clothes-store-wordpress/wp-includes/plugin.php(517): WP_Hook->do_action(Array)
#6 /Applications/XAMPP/xamppfiles/htdocs/clothes-store-wordpress/wp-settings.php(632): do_action('init')
#7 /Applications/XAMPP/xamppfiles/htdocs/clothes-store-wordpress/wp-config.php(82): require_once('/Applications/X...')
#8 /Applications/XAMPP/xamppfiles/htdocs/clothes-store-wordpress/wp-load.php(50): require_once('/Applications/X...')
#9 /Applications/XAMPP/xamppfiles/htdocs/clothes-store-wordpress/wp-blog-header.php(13): require_once('/Applications/X...')
#10 /Applications/XAMPP/xamppfiles/htdocs/clothes-store-wordpress/index.php(17): require('/Applications/X...')
#11 {main}
  thrown in /Applications/XAMPP/xamppfiles/htdocs/clothes-store-wordpress/wp-includes/class-wp-hook.php on line 310

2023-10-17T15:34:23+00:00 CRITICAL Uncaught TypeError: call_user_func_array(): Argument #1 ($callback) must be a valid callback, function "myTheme_sidebar" not found or invalid function name in /Applications/XAMPP/xamppfiles/htdocs/clothes-store-wordpress/wp-includes/class-wp-hook.php:310
Stack trace:
#0 /Applications/XAMPP/xamppfiles/htdocs/clothes-store-wordpress/wp-includes/class-wp-hook.php(334): WP_Hook->apply_filters(NULL, Array)
#1 /Applications/XAMPP/xamppfiles/htdocs/clothes-store-wordpress/wp-includes/plugin.php(517): WP_Hook->do_action(Array)
#2 /Applications/XAMPP/xamppfiles/htdocs/clothes-store-wordpress/wp-includes/widgets.php(1858): do_action('widgets_init')
#3 /Applications/XAMPP/xamppfiles/htdocs/clothes-store-wordpress/wp-includes/class-wp-hook.php(310): wp_widgets_init('')
#4 /Applications/XAMPP/xamppfiles/htdocs/clothes-store-wordpress/wp-includes/class-wp-hook.php(334): WP_Hook->apply_filters(NULL, Array)
#5 /Applications/XAMPP/xamppfiles/htdocs/clothes-store-wordpress/wp-includes/plugin.php(517): WP_Hook->do_action(Array)
#6 /Applications/XAMPP/xamppfiles/htdocs/clothes-store-wordpress/wp-settings.php(632): do_action('init')
#7 /Applications/XAMPP/xamppfiles/htdocs/clothes-store-wordpress/wp-config.php(82): require_once('/Applications/X...')
#8 /Applications/XAMPP/xamppfiles/htdocs/clothes-store-wordpress/wp-load.php(50): require_once('/Applications/X...')
#9 /Applications/XAMPP/xamppfiles/htdocs/clothes-store-wordpress/wp-blog-header.php(13): require_once('/Applications/X...')
#10 /Applications/XAMPP/xamppfiles/htdocs/clothes-store-wordpress/index.php(17): require('/Applications/X...')
#11 {main}
  thrown in /Applications/XAMPP/xamppfiles/htdocs/clothes-store-wordpress/wp-includes/class-wp-hook.php on line 310

