2023-10-16T18:17:39+00:00 CRITICAL Declaration of WCPay\Container::has($id) must be compatible with Psr\Container\ContainerInterface::has(string $id): bool in /Applications/XAMPP/xamppfiles/htdocs/clothes-store-wordpress/wp-content/plugins/woocommerce-payments/src/Container.php on line 96

2023-10-16T18:17:39+00:00 CRITICAL Declaration of WCPay\Container::has($id) must be compatible with Psr\Container\ContainerInterface::has(string $id): bool in /Applications/XAMPP/xamppfiles/htdocs/clothes-store-wordpress/wp-content/plugins/woocommerce-payments/src/Container.php on line 96

2023-10-16T18:17:39+00:00 CRITICAL Declaration of WCPay\Container::has($id) must be compatible with Psr\Container\ContainerInterface::has(string $id): bool in /Applications/XAMPP/xamppfiles/htdocs/clothes-store-wordpress/wp-content/plugins/woocommerce-payments/src/Container.php on line 96

2023-10-16T18:17:40+00:00 CRITICAL Declaration of WCPay\Container::has($id) must be compatible with Psr\Container\ContainerInterface::has(string $id): bool in /Applications/XAMPP/xamppfiles/htdocs/clothes-store-wordpress/wp-content/plugins/woocommerce-payments/src/Container.php on line 96

2023-10-16T18:17:40+00:00 CRITICAL Declaration of WCPay\Container::has($id) must be compatible with Psr\Container\ContainerInterface::has(string $id): bool in /Applications/XAMPP/xamppfiles/htdocs/clothes-store-wordpress/wp-content/plugins/woocommerce-payments/src/Container.php on line 96

2023-10-16T18:17:51+00:00 CRITICAL Declaration of WCPay\Container::has($id) must be compatible with Psr\Container\ContainerInterface::has(string $id): bool in /Applications/XAMPP/xamppfiles/htdocs/clothes-store-wordpress/wp-content/plugins/woocommerce-payments/src/Container.php on line 96

2023-10-16T18:17:51+00:00 CRITICAL Declaration of WCPay\Container::has($id) must be compatible with Psr\Container\ContainerInterface::has(string $id): bool in /Applications/XAMPP/xamppfiles/htdocs/clothes-store-wordpress/wp-content/plugins/woocommerce-payments/src/Container.php on line 96

2023-10-16T18:17:52+00:00 CRITICAL Declaration of WCPay\Container::has($id) must be compatible with Psr\Container\ContainerInterface::has(string $id): bool in /Applications/XAMPP/xamppfiles/htdocs/clothes-store-wordpress/wp-content/plugins/woocommerce-payments/src/Container.php on line 96

2023-10-16T18:17:54+00:00 CRITICAL Declaration of WCPay\Container::has($id) must be compatible with Psr\Container\ContainerInterface::has(string $id): bool in /Applications/XAMPP/xamppfiles/htdocs/clothes-store-wordpress/wp-content/plugins/woocommerce-payments/src/Container.php on line 96

2023-10-16T18:17:54+00:00 CRITICAL Declaration of WCPay\Container::has($id) must be compatible with Psr\Container\ContainerInterface::has(string $id): bool in /Applications/XAMPP/xamppfiles/htdocs/clothes-store-wordpress/wp-content/plugins/woocommerce-payments/src/Container.php on line 96

2023-10-16T18:17:55+00:00 CRITICAL Declaration of WCPay\Container::has($id) must be compatible with Psr\Container\ContainerInterface::has(string $id): bool in /Applications/XAMPP/xamppfiles/htdocs/clothes-store-wordpress/wp-content/plugins/woocommerce-payments/src/Container.php on line 96

2023-10-16T18:17:58+00:00 CRITICAL Declaration of WCPay\Container::has($id) must be compatible with Psr\Container\ContainerInterface::has(string $id): bool in /Applications/XAMPP/xamppfiles/htdocs/clothes-store-wordpress/wp-content/plugins/woocommerce-payments/src/Container.php on line 96

2023-10-16T18:17:59+00:00 CRITICAL Declaration of WCPay\Container::has($id) must be compatible with Psr\Container\ContainerInterface::has(string $id): bool in /Applications/XAMPP/xamppfiles/htdocs/clothes-store-wordpress/wp-content/plugins/woocommerce-payments/src/Container.php on line 96

2023-10-16T18:18:01+00:00 CRITICAL Declaration of WCPay\Container::has($id) must be compatible with Psr\Container\ContainerInterface::has(string $id): bool in /Applications/XAMPP/xamppfiles/htdocs/clothes-store-wordpress/wp-content/plugins/woocommerce-payments/src/Container.php on line 96

2023-10-16T18:18:01+00:00 CRITICAL Declaration of WCPay\Container::has($id) must be compatible with Psr\Container\ContainerInterface::has(string $id): bool in /Applications/XAMPP/xamppfiles/htdocs/clothes-store-wordpress/wp-content/plugins/woocommerce-payments/src/Container.php on line 96

2023-10-16T18:18:02+00:00 CRITICAL Declaration of WCPay\Container::has($id) must be compatible with Psr\Container\ContainerInterface::has(string $id): bool in /Applications/XAMPP/xamppfiles/htdocs/clothes-store-wordpress/wp-content/plugins/woocommerce-payments/src/Container.php on line 96

2023-10-16T18:18:03+00:00 CRITICAL Declaration of WCPay\Container::has($id) must be compatible with Psr\Container\ContainerInterface::has(string $id): bool in /Applications/XAMPP/xamppfiles/htdocs/clothes-store-wordpress/wp-content/plugins/woocommerce-payments/src/Container.php on line 96

2023-10-16T18:18:50+00:00 CRITICAL Declaration of WCPay\Container::has($id) must be compatible with Psr\Container\ContainerInterface::has(string $id): bool in /Applications/XAMPP/xamppfiles/htdocs/clothes-store-wordpress/wp-content/plugins/woocommerce-payments/src/Container.php on line 96

2023-10-16T18:18:55+00:00 CRITICAL Declaration of WCPay\Container::has($id) must be compatible with Psr\Container\ContainerInterface::has(string $id): bool in /Applications/XAMPP/xamppfiles/htdocs/clothes-store-wordpress/wp-content/plugins/woocommerce-payments/src/Container.php on line 96

2023-10-16T18:19:10+00:00 CRITICAL Declaration of WCPay\Container::has($id) must be compatible with Psr\Container\ContainerInterface::has(string $id): bool in /Applications/XAMPP/xamppfiles/htdocs/clothes-store-wordpress/wp-content/plugins/woocommerce-payments/src/Container.php on line 96

2023-10-16T18:19:17+00:00 CRITICAL Declaration of WCPay\Container::has($id) must be compatible with Psr\Container\ContainerInterface::has(string $id): bool in /Applications/XAMPP/xamppfiles/htdocs/clothes-store-wordpress/wp-content/plugins/woocommerce-payments/src/Container.php on line 96

2023-10-16T18:19:25+00:00 CRITICAL Declaration of WCPay\Container::has($id) must be compatible with Psr\Container\ContainerInterface::has(string $id): bool in /Applications/XAMPP/xamppfiles/htdocs/clothes-store-wordpress/wp-content/plugins/woocommerce-payments/src/Container.php on line 96

2023-10-16T18:20:30+00:00 CRITICAL Declaration of WCPay\Container::has($id) must be compatible with Psr\Container\ContainerInterface::has(string $id): bool in /Applications/XAMPP/xamppfiles/htdocs/clothes-store-wordpress/wp-content/plugins/woocommerce-payments/src/Container.php on line 96

2023-10-16T18:20:31+00:00 CRITICAL Declaration of WCPay\Container::has($id) must be compatible with Psr\Container\ContainerInterface::has(string $id): bool in /Applications/XAMPP/xamppfiles/htdocs/clothes-store-wordpress/wp-content/plugins/woocommerce-payments/src/Container.php on line 96

2023-10-16T18:21:31+00:00 CRITICAL Declaration of WCPay\Container::has($id) must be compatible with Psr\Container\ContainerInterface::has(string $id): bool in /Applications/XAMPP/xamppfiles/htdocs/clothes-store-wordpress/wp-content/plugins/woocommerce-payments/src/Container.php on line 96

2023-10-16T18:21:32+00:00 CRITICAL Declaration of WCPay\Container::has($id) must be compatible with Psr\Container\ContainerInterface::has(string $id): bool in /Applications/XAMPP/xamppfiles/htdocs/clothes-store-wordpress/wp-content/plugins/woocommerce-payments/src/Container.php on line 96

2023-10-16T18:21:33+00:00 CRITICAL Declaration of WCPay\Container::has($id) must be compatible with Psr\Container\ContainerInterface::has(string $id): bool in /Applications/XAMPP/xamppfiles/htdocs/clothes-store-wordpress/wp-content/plugins/woocommerce-payments/src/Container.php on line 96

2023-10-16T18:21:33+00:00 CRITICAL Declaration of WCPay\Container::has($id) must be compatible with Psr\Container\ContainerInterface::has(string $id): bool in /Applications/XAMPP/xamppfiles/htdocs/clothes-store-wordpress/wp-content/plugins/woocommerce-payments/src/Container.php on line 96

2023-10-16T18:21:34+00:00 CRITICAL Declaration of WCPay\Container::has($id) must be compatible with Psr\Container\ContainerInterface::has(string $id): bool in /Applications/XAMPP/xamppfiles/htdocs/clothes-store-wordpress/wp-content/plugins/woocommerce-payments/src/Container.php on line 96

2023-10-16T18:21:34+00:00 CRITICAL Declaration of WCPay\Container::has($id) must be compatible with Psr\Container\ContainerInterface::has(string $id): bool in /Applications/XAMPP/xamppfiles/htdocs/clothes-store-wordpress/wp-content/plugins/woocommerce-payments/src/Container.php on line 96

2023-10-16T18:21:45+00:00 CRITICAL Declaration of WCPay\Container::has($id) must be compatible with Psr\Container\ContainerInterface::has(string $id): bool in /Applications/XAMPP/xamppfiles/htdocs/clothes-store-wordpress/wp-content/plugins/woocommerce-payments/src/Container.php on line 96

2023-10-16T18:21:47+00:00 CRITICAL Declaration of WCPay\Container::has($id) must be compatible with Psr\Container\ContainerInterface::has(string $id): bool in /Applications/XAMPP/xamppfiles/htdocs/clothes-store-wordpress/wp-content/plugins/woocommerce-payments/src/Container.php on line 96

2023-10-16T18:21:51+00:00 CRITICAL Declaration of WCPay\Container::has($id) must be compatible with Psr\Container\ContainerInterface::has(string $id): bool in /Applications/XAMPP/xamppfiles/htdocs/clothes-store-wordpress/wp-content/plugins/woocommerce-payments/src/Container.php on line 96

2023-10-16T18:21:53+00:00 CRITICAL Declaration of WCPay\Container::has($id) must be compatible with Psr\Container\ContainerInterface::has(string $id): bool in /Applications/XAMPP/xamppfiles/htdocs/clothes-store-wordpress/wp-content/plugins/woocommerce-payments/src/Container.php on line 96

2023-10-16T18:21:53+00:00 CRITICAL Declaration of WCPay\Container::has($id) must be compatible with Psr\Container\ContainerInterface::has(string $id): bool in /Applications/XAMPP/xamppfiles/htdocs/clothes-store-wordpress/wp-content/plugins/woocommerce-payments/src/Container.php on line 96

2023-10-16T18:21:56+00:00 CRITICAL Declaration of WCPay\Container::has($id) must be compatible with Psr\Container\ContainerInterface::has(string $id): bool in /Applications/XAMPP/xamppfiles/htdocs/clothes-store-wordpress/wp-content/plugins/woocommerce-payments/src/Container.php on line 96

2023-10-16T18:21:57+00:00 CRITICAL Declaration of WCPay\Container::has($id) must be compatible with Psr\Container\ContainerInterface::has(string $id): bool in /Applications/XAMPP/xamppfiles/htdocs/clothes-store-wordpress/wp-content/plugins/woocommerce-payments/src/Container.php on line 96

2023-10-16T18:21:58+00:00 CRITICAL Declaration of WCPay\Container::has($id) must be compatible with Psr\Container\ContainerInterface::has(string $id): bool in /Applications/XAMPP/xamppfiles/htdocs/clothes-store-wordpress/wp-content/plugins/woocommerce-payments/src/Container.php on line 96

2023-10-16T18:22:02+00:00 CRITICAL Declaration of WCPay\Container::has($id) must be compatible with Psr\Container\ContainerInterface::has(string $id): bool in /Applications/XAMPP/xamppfiles/htdocs/clothes-store-wordpress/wp-content/plugins/woocommerce-payments/src/Container.php on line 96

2023-10-16T18:22:04+00:00 CRITICAL Declaration of WCPay\Container::has($id) must be compatible with Psr\Container\ContainerInterface::has(string $id): bool in /Applications/XAMPP/xamppfiles/htdocs/clothes-store-wordpress/wp-content/plugins/woocommerce-payments/src/Container.php on line 96

2023-10-16T18:22:04+00:00 CRITICAL Declaration of WCPay\Container::has($id) must be compatible with Psr\Container\ContainerInterface::has(string $id): bool in /Applications/XAMPP/xamppfiles/htdocs/clothes-store-wordpress/wp-content/plugins/woocommerce-payments/src/Container.php on line 96

2023-10-16T18:23:04+00:00 CRITICAL Declaration of WCPay\Container::has($id) must be compatible with Psr\Container\ContainerInterface::has(string $id): bool in /Applications/XAMPP/xamppfiles/htdocs/clothes-store-wordpress/wp-content/plugins/woocommerce-payments/src/Container.php on line 96

2023-10-16T18:23:10+00:00 CRITICAL Declaration of WCPay\Container::has($id) must be compatible with Psr\Container\ContainerInterface::has(string $id): bool in /Applications/XAMPP/xamppfiles/htdocs/clothes-store-wordpress/wp-content/plugins/woocommerce-payments/src/Container.php on line 96

2023-10-16T18:23:14+00:00 CRITICAL Declaration of WCPay\Container::has($id) must be compatible with Psr\Container\ContainerInterface::has(string $id): bool in /Applications/XAMPP/xamppfiles/htdocs/clothes-store-wordpress/wp-content/plugins/woocommerce-payments/src/Container.php on line 96

2023-10-16T18:23:24+00:00 CRITICAL Declaration of WCPay\Container::has($id) must be compatible with Psr\Container\ContainerInterface::has(string $id): bool in /Applications/XAMPP/xamppfiles/htdocs/clothes-store-wordpress/wp-content/plugins/woocommerce-payments/src/Container.php on line 96

2023-10-16T18:23:27+00:00 CRITICAL Declaration of WCPay\Container::has($id) must be compatible with Psr\Container\ContainerInterface::has(string $id): bool in /Applications/XAMPP/xamppfiles/htdocs/clothes-store-wordpress/wp-content/plugins/woocommerce-payments/src/Container.php on line 96

2023-10-16T18:23:30+00:00 CRITICAL Declaration of WCPay\Container::has($id) must be compatible with Psr\Container\ContainerInterface::has(string $id): bool in /Applications/XAMPP/xamppfiles/htdocs/clothes-store-wordpress/wp-content/plugins/woocommerce-payments/src/Container.php on line 96

2023-10-16T18:25:22+00:00 CRITICAL Declaration of WCPay\Container::has($id) must be compatible with Psr\Container\ContainerInterface::has(string $id): bool in /Applications/XAMPP/xamppfiles/htdocs/clothes-store-wordpress/wp-content/plugins/woocommerce-payments/src/Container.php on line 96

2023-10-16T18:25:26+00:00 CRITICAL Declaration of WCPay\Container::has($id) must be compatible with Psr\Container\ContainerInterface::has(string $id): bool in /Applications/XAMPP/xamppfiles/htdocs/clothes-store-wordpress/wp-content/plugins/woocommerce-payments/src/Container.php on line 96

2023-10-16T18:25:28+00:00 CRITICAL Declaration of WCPay\Container::has($id) must be compatible with Psr\Container\ContainerInterface::has(string $id): bool in /Applications/XAMPP/xamppfiles/htdocs/clothes-store-wordpress/wp-content/plugins/woocommerce-payments/src/Container.php on line 96

2023-10-16T18:25:29+00:00 CRITICAL Declaration of WCPay\Container::has($id) must be compatible with Psr\Container\ContainerInterface::has(string $id): bool in /Applications/XAMPP/xamppfiles/htdocs/clothes-store-wordpress/wp-content/plugins/woocommerce-payments/src/Container.php on line 96

2023-10-16T18:26:19+00:00 CRITICAL Declaration of WCPay\Container::has($id) must be compatible with Psr\Container\ContainerInterface::has(string $id): bool in /Applications/XAMPP/xamppfiles/htdocs/clothes-store-wordpress/wp-content/plugins/woocommerce-payments/src/Container.php on line 96

2023-10-16T18:26:20+00:00 CRITICAL Declaration of WCPay\Container::has($id) must be compatible with Psr\Container\ContainerInterface::has(string $id): bool in /Applications/XAMPP/xamppfiles/htdocs/clothes-store-wordpress/wp-content/plugins/woocommerce-payments/src/Container.php on line 96

2023-10-16T18:26:21+00:00 CRITICAL Declaration of WCPay\Container::has($id) must be compatible with Psr\Container\ContainerInterface::has(string $id): bool in /Applications/XAMPP/xamppfiles/htdocs/clothes-store-wordpress/wp-content/plugins/woocommerce-payments/src/Container.php on line 96

2023-10-16T18:26:22+00:00 CRITICAL Declaration of WCPay\Container::has($id) must be compatible with Psr\Container\ContainerInterface::has(string $id): bool in /Applications/XAMPP/xamppfiles/htdocs/clothes-store-wordpress/wp-content/plugins/woocommerce-payments/src/Container.php on line 96

2023-10-16T18:26:40+00:00 CRITICAL Declaration of WCPay\Container::has($id) must be compatible with Psr\Container\ContainerInterface::has(string $id): bool in /Applications/XAMPP/xamppfiles/htdocs/clothes-store-wordpress/wp-content/plugins/woocommerce-payments/src/Container.php on line 96

2023-10-16T18:26:49+00:00 CRITICAL Declaration of WCPay\Container::has($id) must be compatible with Psr\Container\ContainerInterface::has(string $id): bool in /Applications/XAMPP/xamppfiles/htdocs/clothes-store-wordpress/wp-content/plugins/woocommerce-payments/src/Container.php on line 96

2023-10-16T18:27:31+00:00 CRITICAL Declaration of WCPay\Container::has($id) must be compatible with Psr\Container\ContainerInterface::has(string $id): bool in /Applications/XAMPP/xamppfiles/htdocs/clothes-store-wordpress/wp-content/plugins/woocommerce-payments/src/Container.php on line 96

2023-10-16T18:27:40+00:00 CRITICAL Declaration of WCPay\Container::has($id) must be compatible with Psr\Container\ContainerInterface::has(string $id): bool in /Applications/XAMPP/xamppfiles/htdocs/clothes-store-wordpress/wp-content/plugins/woocommerce-payments/src/Container.php on line 96

2023-10-16T18:27:55+00:00 CRITICAL Declaration of WCPay\Container::has($id) must be compatible with Psr\Container\ContainerInterface::has(string $id): bool in /Applications/XAMPP/xamppfiles/htdocs/clothes-store-wordpress/wp-content/plugins/woocommerce-payments/src/Container.php on line 96

2023-10-16T18:27:58+00:00 CRITICAL Declaration of WCPay\Container::has($id) must be compatible with Psr\Container\ContainerInterface::has(string $id): bool in /Applications/XAMPP/xamppfiles/htdocs/clothes-store-wordpress/wp-content/plugins/woocommerce-payments/src/Container.php on line 96

2023-10-16T18:28:00+00:00 CRITICAL Declaration of WCPay\Container::has($id) must be compatible with Psr\Container\ContainerInterface::has(string $id): bool in /Applications/XAMPP/xamppfiles/htdocs/clothes-store-wordpress/wp-content/plugins/woocommerce-payments/src/Container.php on line 96

2023-10-16T18:28:01+00:00 CRITICAL Declaration of WCPay\Container::has($id) must be compatible with Psr\Container\ContainerInterface::has(string $id): bool in /Applications/XAMPP/xamppfiles/htdocs/clothes-store-wordpress/wp-content/plugins/woocommerce-payments/src/Container.php on line 96

2023-10-16T18:28:07+00:00 CRITICAL Declaration of WCPay\Container::has($id) must be compatible with Psr\Container\ContainerInterface::has(string $id): bool in /Applications/XAMPP/xamppfiles/htdocs/clothes-store-wordpress/wp-content/plugins/woocommerce-payments/src/Container.php on line 96

2023-10-16T18:28:08+00:00 CRITICAL Declaration of WCPay\Container::has($id) must be compatible with Psr\Container\ContainerInterface::has(string $id): bool in /Applications/XAMPP/xamppfiles/htdocs/clothes-store-wordpress/wp-content/plugins/woocommerce-payments/src/Container.php on line 96

2023-10-16T18:28:12+00:00 CRITICAL Declaration of WCPay\Container::has($id) must be compatible with Psr\Container\ContainerInterface::has(string $id): bool in /Applications/XAMPP/xamppfiles/htdocs/clothes-store-wordpress/wp-content/plugins/woocommerce-payments/src/Container.php on line 96

2023-10-16T18:31:49+00:00 CRITICAL Declaration of WCPay\Container::has($id) must be compatible with Psr\Container\ContainerInterface::has(string $id): bool in /Applications/XAMPP/xamppfiles/htdocs/clothes-store-wordpress/wp-content/plugins/woocommerce-payments/src/Container.php on line 96

2023-10-16T18:31:50+00:00 CRITICAL Declaration of WCPay\Container::has($id) must be compatible with Psr\Container\ContainerInterface::has(string $id): bool in /Applications/XAMPP/xamppfiles/htdocs/clothes-store-wordpress/wp-content/plugins/woocommerce-payments/src/Container.php on line 96

2023-10-16T18:31:53+00:00 CRITICAL Declaration of WCPay\Container::has($id) must be compatible with Psr\Container\ContainerInterface::has(string $id): bool in /Applications/XAMPP/xamppfiles/htdocs/clothes-store-wordpress/wp-content/plugins/woocommerce-payments/src/Container.php on line 96

2023-10-16T18:31:54+00:00 CRITICAL Declaration of WCPay\Container::has($id) must be compatible with Psr\Container\ContainerInterface::has(string $id): bool in /Applications/XAMPP/xamppfiles/htdocs/clothes-store-wordpress/wp-content/plugins/woocommerce-payments/src/Container.php on line 96

2023-10-16T18:31:58+00:00 CRITICAL Declaration of WCPay\Container::has($id) must be compatible with Psr\Container\ContainerInterface::has(string $id): bool in /Applications/XAMPP/xamppfiles/htdocs/clothes-store-wordpress/wp-content/plugins/woocommerce-payments/src/Container.php on line 96

2023-10-16T18:32:04+00:00 CRITICAL Declaration of WCPay\Container::has($id) must be compatible with Psr\Container\ContainerInterface::has(string $id): bool in /Applications/XAMPP/xamppfiles/htdocs/clothes-store-wordpress/wp-content/plugins/woocommerce-payments/src/Container.php on line 96

2023-10-16T18:32:11+00:00 CRITICAL Declaration of WCPay\Container::has($id) must be compatible with Psr\Container\ContainerInterface::has(string $id): bool in /Applications/XAMPP/xamppfiles/htdocs/clothes-store-wordpress/wp-content/plugins/woocommerce-payments/src/Container.php on line 96

2023-10-16T18:32:13+00:00 CRITICAL Declaration of WCPay\Container::has($id) must be compatible with Psr\Container\ContainerInterface::has(string $id): bool in /Applications/XAMPP/xamppfiles/htdocs/clothes-store-wordpress/wp-content/plugins/woocommerce-payments/src/Container.php on line 96

2023-10-16T18:33:09+00:00 CRITICAL Declaration of WCPay\Container::has($id) must be compatible with Psr\Container\ContainerInterface::has(string $id): bool in /Applications/XAMPP/xamppfiles/htdocs/clothes-store-wordpress/wp-content/plugins/woocommerce-payments/src/Container.php on line 96

2023-10-16T18:33:14+00:00 CRITICAL Declaration of WCPay\Container::has($id) must be compatible with Psr\Container\ContainerInterface::has(string $id): bool in /Applications/XAMPP/xamppfiles/htdocs/clothes-store-wordpress/wp-content/plugins/woocommerce-payments/src/Container.php on line 96

2023-10-16T18:33:16+00:00 CRITICAL Declaration of WCPay\Container::has($id) must be compatible with Psr\Container\ContainerInterface::has(string $id): bool in /Applications/XAMPP/xamppfiles/htdocs/clothes-store-wordpress/wp-content/plugins/woocommerce-payments/src/Container.php on line 96

2023-10-16T18:33:38+00:00 CRITICAL Declaration of WCPay\Container::has($id) must be compatible with Psr\Container\ContainerInterface::has(string $id): bool in /Applications/XAMPP/xamppfiles/htdocs/clothes-store-wordpress/wp-content/plugins/woocommerce-payments/src/Container.php on line 96

2023-10-16T18:33:40+00:00 CRITICAL Declaration of WCPay\Container::has($id) must be compatible with Psr\Container\ContainerInterface::has(string $id): bool in /Applications/XAMPP/xamppfiles/htdocs/clothes-store-wordpress/wp-content/plugins/woocommerce-payments/src/Container.php on line 96

2023-10-16T18:33:45+00:00 CRITICAL Declaration of WCPay\Container::has($id) must be compatible with Psr\Container\ContainerInterface::has(string $id): bool in /Applications/XAMPP/xamppfiles/htdocs/clothes-store-wordpress/wp-content/plugins/woocommerce-payments/src/Container.php on line 96

2023-10-16T18:33:48+00:00 CRITICAL Declaration of WCPay\Container::has($id) must be compatible with Psr\Container\ContainerInterface::has(string $id): bool in /Applications/XAMPP/xamppfiles/htdocs/clothes-store-wordpress/wp-content/plugins/woocommerce-payments/src/Container.php on line 96

2023-10-16T18:33:49+00:00 CRITICAL Declaration of WCPay\Container::has($id) must be compatible with Psr\Container\ContainerInterface::has(string $id): bool in /Applications/XAMPP/xamppfiles/htdocs/clothes-store-wordpress/wp-content/plugins/woocommerce-payments/src/Container.php on line 96

2023-10-16T18:33:50+00:00 CRITICAL Declaration of WCPay\Container::has($id) must be compatible with Psr\Container\ContainerInterface::has(string $id): bool in /Applications/XAMPP/xamppfiles/htdocs/clothes-store-wordpress/wp-content/plugins/woocommerce-payments/src/Container.php on line 96

2023-10-16T18:34:01+00:00 CRITICAL Declaration of WCPay\Container::has($id) must be compatible with Psr\Container\ContainerInterface::has(string $id): bool in /Applications/XAMPP/xamppfiles/htdocs/clothes-store-wordpress/wp-content/plugins/woocommerce-payments/src/Container.php on line 96

2023-10-16T18:34:32+00:00 CRITICAL Declaration of WCPay\Container::has($id) must be compatible with Psr\Container\ContainerInterface::has(string $id): bool in /Applications/XAMPP/xamppfiles/htdocs/clothes-store-wordpress/wp-content/plugins/woocommerce-payments/src/Container.php on line 96

2023-10-16T18:34:35+00:00 CRITICAL Declaration of WCPay\Container::has($id) must be compatible with Psr\Container\ContainerInterface::has(string $id): bool in /Applications/XAMPP/xamppfiles/htdocs/clothes-store-wordpress/wp-content/plugins/woocommerce-payments/src/Container.php on line 96

2023-10-16T18:35:28+00:00 CRITICAL Declaration of WCPay\Container::has($id) must be compatible with Psr\Container\ContainerInterface::has(string $id): bool in /Applications/XAMPP/xamppfiles/htdocs/clothes-store-wordpress/wp-content/plugins/woocommerce-payments/src/Container.php on line 96

2023-10-16T18:35:29+00:00 CRITICAL Declaration of WCPay\Container::has($id) must be compatible with Psr\Container\ContainerInterface::has(string $id): bool in /Applications/XAMPP/xamppfiles/htdocs/clothes-store-wordpress/wp-content/plugins/woocommerce-payments/src/Container.php on line 96

2023-10-16T18:36:56+00:00 CRITICAL Uncaught WCPay\Exceptions\API_Exception: Your site host "localhost" is on a private network. Jetpack can only connect to public sites. in /Applications/XAMPP/xamppfiles/htdocs/clothes-store-wordpress/wp-content/plugins/woocommerce-payments/includes/wc-payment-api/class-wc-payments-http.php:194
Stack trace:
#0 /Applications/XAMPP/xamppfiles/htdocs/clothes-store-wordpress/wp-content/plugins/woocommerce-payments/includes/wc-payment-api/class-wc-payments-api-client.php(212): WC_Payments_Http->start_connection('http://localhos...')
#1 /Applications/XAMPP/xamppfiles/htdocs/clothes-store-wordpress/wp-content/plugins/woocommerce-payments/includes/class-wc-payments-account.php(1809): WC_Payments_API_Client->start_server_connection('http://localhos...')
#2 /Applications/XAMPP/xamppfiles/htdocs/clothes-store-wordpress/wp-content/plugins/woocommerce-payments/includes/class-wc-payments-account.php(910): WC_Payments_Account->redirect_to_onboarding_flow_page()
#3 /Applications/XAMPP/xamppfiles/htdocs/clothes-store-wordpress/wp-includes/class-wp-hook.php(310): WC_Payments_Account->maybe_handle_onboarding('')
#4 /Applications/XAMPP/xamppfiles/htdocs/clothes-store-wordpress/wp-includes/class-wp-hook.php(334): WP_Hook->apply_filters(NULL, Array)
#5 /Applications/XAMPP/xamppfiles/htdocs/clothes-store-wordpress/wp-includes/plugin.php(517): WP_Hook->do_action(Array)
#6 /Applications/XAMPP/xamppfiles/htdocs/clothes-store-wordpress/wp-admin/admin.php(175): do_action('admin_init')
#7 /Applications/XAMPP/xamppfiles/htdocs/clothes-store-wordpress/wp-admin/index.php(10): require_once('/Applications/X...')
#8 {main}
  thrown in /Applications/XAMPP/xamppfiles/htdocs/clothes-store-wordpress/wp-content/plugins/woocommerce-payments/includes/wc-payment-api/class-wc-payments-http.php on line 194

2023-10-16T18:39:12+00:00 CRITICAL Declaration of WCPay\Container::has($id) must be compatible with Psr\Container\ContainerInterface::has(string $id): bool in /Applications/XAMPP/xamppfiles/htdocs/clothes-store-wordpress/wp-content/plugins/woocommerce-payments/src/Container.php on line 96

2023-10-16T18:39:15+00:00 CRITICAL Declaration of WCPay\Container::has($id) must be compatible with Psr\Container\ContainerInterface::has(string $id): bool in /Applications/XAMPP/xamppfiles/htdocs/clothes-store-wordpress/wp-content/plugins/woocommerce-payments/src/Container.php on line 96

